ARM GAS  C:\Users\ADMINI~1\AppData\Local\Temp\ccaluRyH.s 			page 1


   1              		.syntax unified
   2              		.cpu cortex-m0
   3              		.fpu softvfp
   4              		.eabi_attribute 20, 1
   5              		.eabi_attribute 21, 1
   6              		.eabi_attribute 23, 3
   7              		.eabi_attribute 24, 1
   8              		.eabi_attribute 25, 1
   9              		.eabi_attribute 26, 1
  10              		.eabi_attribute 30, 6
  11              		.eabi_attribute 34, 0
  12              		.eabi_attribute 18, 4
  13              		.thumb
  14              		.syntax unified
  15              		.file	"BLE_custom.c"
  16              		.text
  17              	.Ltext0:
  18              		.cfi_sections	.debug_frame
  19              		.global	cyBle_customs
  20              		.section	.rodata
  21              		.align	2
  22              		.type	cyBle_customs, %object
  23              		.size	cyBle_customs, 6
  24              	cyBle_customs:
  25 0000 1000     		.short	16
  26 0002 1200     		.short	18
  27 0004 1300     		.short	19
  28              		.section	.text.CyBle_CustomInit,"ax",%progbits
  29              		.align	2
  30              		.global	CyBle_CustomInit
  31              		.code	16
  32              		.thumb_func
  33              		.type	CyBle_CustomInit, %function
  34              	CyBle_CustomInit:
  35              	.LFB2:
  36              		.file 1 "Generated_Source\\PSoC4\\BLE_custom.c"
   1:Generated_Source\PSoC4/BLE_custom.c **** /***************************************************************************//**
   2:Generated_Source\PSoC4/BLE_custom.c **** * \file CYBLE_custom.c
   3:Generated_Source\PSoC4/BLE_custom.c **** * \version 3.50
   4:Generated_Source\PSoC4/BLE_custom.c **** * 
   5:Generated_Source\PSoC4/BLE_custom.c **** * \brief
   6:Generated_Source\PSoC4/BLE_custom.c **** *  Contains the source code for the Custom Service.
   7:Generated_Source\PSoC4/BLE_custom.c **** * 
   8:Generated_Source\PSoC4/BLE_custom.c **** ********************************************************************************
   9:Generated_Source\PSoC4/BLE_custom.c **** * \copyright
  10:Generated_Source\PSoC4/BLE_custom.c **** * Copyright 2014-2018, Cypress Semiconductor Corporation.  All rights reserved.
  11:Generated_Source\PSoC4/BLE_custom.c **** * You may use this file only in accordance with the license, terms, conditions,
  12:Generated_Source\PSoC4/BLE_custom.c **** * disclaimers, and limitations in the end user license agreement accompanying
  13:Generated_Source\PSoC4/BLE_custom.c **** * the software package with which this file was provided.
  14:Generated_Source\PSoC4/BLE_custom.c **** *******************************************************************************/
  15:Generated_Source\PSoC4/BLE_custom.c **** 
  16:Generated_Source\PSoC4/BLE_custom.c **** 
  17:Generated_Source\PSoC4/BLE_custom.c **** #include "BLE_eventHandler.h"
  18:Generated_Source\PSoC4/BLE_custom.c **** 
  19:Generated_Source\PSoC4/BLE_custom.c **** #ifdef CYBLE_CUSTOM_SERVER
  20:Generated_Source\PSoC4/BLE_custom.c **** 
  21:Generated_Source\PSoC4/BLE_custom.c **** /* If any custom service with custom characteristics is defined in the
ARM GAS  C:\Users\ADMINI~1\AppData\Local\Temp\ccaluRyH.s 			page 2


  22:Generated_Source\PSoC4/BLE_custom.c **** * customizer's GUI their handles will be present in this array.
  23:Generated_Source\PSoC4/BLE_custom.c **** */
  24:Generated_Source\PSoC4/BLE_custom.c **** /* This array contains attribute handles for the defined Custom Services and their characteristics 
  25:Generated_Source\PSoC4/BLE_custom.c ****    The array index definitions are located in the CYBLE_custom.h file. */
  26:Generated_Source\PSoC4/BLE_custom.c **** const CYBLE_CUSTOMS_T cyBle_customs[0x01u] = {
  27:Generated_Source\PSoC4/BLE_custom.c **** 
  28:Generated_Source\PSoC4/BLE_custom.c ****     /* CapSense service */
  29:Generated_Source\PSoC4/BLE_custom.c ****     {
  30:Generated_Source\PSoC4/BLE_custom.c ****         0x0010u, /* Handle of the CapSense service */ 
  31:Generated_Source\PSoC4/BLE_custom.c ****         {
  32:Generated_Source\PSoC4/BLE_custom.c **** 
  33:Generated_Source\PSoC4/BLE_custom.c ****             /* Slider characteristic */
  34:Generated_Source\PSoC4/BLE_custom.c ****             {
  35:Generated_Source\PSoC4/BLE_custom.c ****                 0x0012u, /* Handle of the Slider characteristic */ 
  36:Generated_Source\PSoC4/BLE_custom.c ****                 
  37:Generated_Source\PSoC4/BLE_custom.c ****                 /* Array of Descriptors handles */
  38:Generated_Source\PSoC4/BLE_custom.c ****                 {
  39:Generated_Source\PSoC4/BLE_custom.c ****                     0x0013u, /* Handle of the SliderCCCD descriptor */ 
  40:Generated_Source\PSoC4/BLE_custom.c ****                 }, 
  41:Generated_Source\PSoC4/BLE_custom.c ****             },
  42:Generated_Source\PSoC4/BLE_custom.c ****         }, 
  43:Generated_Source\PSoC4/BLE_custom.c ****     },
  44:Generated_Source\PSoC4/BLE_custom.c **** };
  45:Generated_Source\PSoC4/BLE_custom.c **** 
  46:Generated_Source\PSoC4/BLE_custom.c **** 
  47:Generated_Source\PSoC4/BLE_custom.c **** #endif /* (CYBLE_CUSTOM_SERVER) */
  48:Generated_Source\PSoC4/BLE_custom.c **** 
  49:Generated_Source\PSoC4/BLE_custom.c **** #ifdef CYBLE_CUSTOM_CLIENT
  50:Generated_Source\PSoC4/BLE_custom.c ****     
  51:Generated_Source\PSoC4/BLE_custom.c **** 
  52:Generated_Source\PSoC4/BLE_custom.c **** static uint16 cyBle_customDisServIndex;
  53:Generated_Source\PSoC4/BLE_custom.c **** static uint16 cyBle_customDisCharIndex;
  54:Generated_Source\PSoC4/BLE_custom.c **** 
  55:Generated_Source\PSoC4/BLE_custom.c **** #endif /* (CYBLE_CUSTOM_CLIENT) */
  56:Generated_Source\PSoC4/BLE_custom.c **** 
  57:Generated_Source\PSoC4/BLE_custom.c **** 
  58:Generated_Source\PSoC4/BLE_custom.c **** /****************************************************************************** 
  59:Generated_Source\PSoC4/BLE_custom.c **** * Function Name: CyBle_CustomInit
  60:Generated_Source\PSoC4/BLE_custom.c **** ***************************************************************************//**
  61:Generated_Source\PSoC4/BLE_custom.c **** * 
  62:Generated_Source\PSoC4/BLE_custom.c **** *  This function initializes Custom Service.
  63:Generated_Source\PSoC4/BLE_custom.c **** * 
  64:Generated_Source\PSoC4/BLE_custom.c **** * \return
  65:Generated_Source\PSoC4/BLE_custom.c **** *  None
  66:Generated_Source\PSoC4/BLE_custom.c **** * 
  67:Generated_Source\PSoC4/BLE_custom.c **** ******************************************************************************/
  68:Generated_Source\PSoC4/BLE_custom.c **** void CyBle_CustomInit(void)
  69:Generated_Source\PSoC4/BLE_custom.c **** {
  37              		.loc 1 69 0
  38              		.cfi_startproc
  39              		@ args = 0, pretend = 0, frame = 0
  40              		@ frame_needed = 1, uses_anonymous_args = 0
  41 0000 80B5     		push	{r7, lr}
  42              		.cfi_def_cfa_offset 8
  43              		.cfi_offset 7, -8
  44              		.cfi_offset 14, -4
  45 0002 00AF     		add	r7, sp, #0
ARM GAS  C:\Users\ADMINI~1\AppData\Local\Temp\ccaluRyH.s 			page 3


  46              		.cfi_def_cfa_register 7
  70:Generated_Source\PSoC4/BLE_custom.c ****     
  71:Generated_Source\PSoC4/BLE_custom.c **** #ifdef CYBLE_CUSTOM_CLIENT
  72:Generated_Source\PSoC4/BLE_custom.c **** 
  73:Generated_Source\PSoC4/BLE_custom.c ****     uint16 locServIndex;
  74:Generated_Source\PSoC4/BLE_custom.c ****     uint16 locCharIndex;
  75:Generated_Source\PSoC4/BLE_custom.c ****     uint16 locDescIndex;
  76:Generated_Source\PSoC4/BLE_custom.c ****     
  77:Generated_Source\PSoC4/BLE_custom.c ****     for(locServIndex = 0u; locServIndex < CYBLE_CUSTOMC_SERVICE_COUNT; locServIndex++)
  78:Generated_Source\PSoC4/BLE_custom.c ****     {
  79:Generated_Source\PSoC4/BLE_custom.c ****         if(cyBle_serverInfo[CYBLE_SRVI_CUSTOMS + locServIndex].range.startHandle == CYBLE_GATT_INVA
  80:Generated_Source\PSoC4/BLE_custom.c ****         {
  81:Generated_Source\PSoC4/BLE_custom.c ****             for(locCharIndex = 0u; locCharIndex < cyBle_customCServ[locServIndex].charCount; locCha
  82:Generated_Source\PSoC4/BLE_custom.c ****             {
  83:Generated_Source\PSoC4/BLE_custom.c ****                 cyBle_customCServ[locServIndex].customServChar[locCharIndex].
  84:Generated_Source\PSoC4/BLE_custom.c ****                     customServCharHandle = 0u;
  85:Generated_Source\PSoC4/BLE_custom.c ****                 
  86:Generated_Source\PSoC4/BLE_custom.c ****                 for(locDescIndex = 0u; locDescIndex < 
  87:Generated_Source\PSoC4/BLE_custom.c ****                     cyBle_customCServ[locServIndex].customServChar[locCharIndex].descCount; 
  88:Generated_Source\PSoC4/BLE_custom.c ****                         locDescIndex++)
  89:Generated_Source\PSoC4/BLE_custom.c ****                 {
  90:Generated_Source\PSoC4/BLE_custom.c ****                     cyBle_customCServ[locServIndex].customServChar[locCharIndex].
  91:Generated_Source\PSoC4/BLE_custom.c ****                         customServCharDesc[locDescIndex].descHandle = 0u;
  92:Generated_Source\PSoC4/BLE_custom.c ****                 }
  93:Generated_Source\PSoC4/BLE_custom.c ****             }
  94:Generated_Source\PSoC4/BLE_custom.c ****         }
  95:Generated_Source\PSoC4/BLE_custom.c ****     }
  96:Generated_Source\PSoC4/BLE_custom.c **** 
  97:Generated_Source\PSoC4/BLE_custom.c **** #endif /* (CYBLE_CUSTOM_CLIENT) */
  98:Generated_Source\PSoC4/BLE_custom.c **** }
  47              		.loc 1 98 0
  48 0004 C046     		nop
  49 0006 BD46     		mov	sp, r7
  50              		@ sp needed
  51 0008 80BD     		pop	{r7, pc}
  52              		.cfi_endproc
  53              	.LFE2:
  54              		.size	CyBle_CustomInit, .-CyBle_CustomInit
  55 000a C046     		.text
  56              	.Letext0:
  57              		.file 2 "Generated_Source\\PSoC4\\cytypes.h"
  58              		.file 3 "Generated_Source\\PSoC4\\BLE_StackGatt.h"
  59              		.file 4 "Generated_Source\\PSoC4\\BLE_custom.h"
  60              		.file 5 "Generated_Source\\PSoC4\\BLE_Stack.h"
  61              		.section	.debug_info,"",%progbits
  62              	.Ldebug_info0:
  63 0000 15030000 		.4byte	0x315
  64 0004 0400     		.2byte	0x4
  65 0006 00000000 		.4byte	.Ldebug_abbrev0
  66 000a 04       		.byte	0x4
  67 000b 01       		.uleb128 0x1
  68 000c 2A040000 		.4byte	.LASF94
  69 0010 0C       		.byte	0xc
  70 0011 E5020000 		.4byte	.LASF95
  71 0015 570A0000 		.4byte	.LASF96
  72 0019 00000000 		.4byte	.Ldebug_ranges0+0
  73 001d 00000000 		.4byte	0
ARM GAS  C:\Users\ADMINI~1\AppData\Local\Temp\ccaluRyH.s 			page 4


  74 0021 00000000 		.4byte	.Ldebug_line0
  75 0025 02       		.uleb128 0x2
  76 0026 01       		.byte	0x1
  77 0027 06       		.byte	0x6
  78 0028 B5050000 		.4byte	.LASF0
  79 002c 02       		.uleb128 0x2
  80 002d 01       		.byte	0x1
  81 002e 08       		.byte	0x8
  82 002f 3C050000 		.4byte	.LASF1
  83 0033 02       		.uleb128 0x2
  84 0034 02       		.byte	0x2
  85 0035 05       		.byte	0x5
  86 0036 D6000000 		.4byte	.LASF2
  87 003a 02       		.uleb128 0x2
  88 003b 02       		.byte	0x2
  89 003c 07       		.byte	0x7
  90 003d 95070000 		.4byte	.LASF3
  91 0041 02       		.uleb128 0x2
  92 0042 04       		.byte	0x4
  93 0043 05       		.byte	0x5
  94 0044 56030000 		.4byte	.LASF4
  95 0048 02       		.uleb128 0x2
  96 0049 04       		.byte	0x4
  97 004a 07       		.byte	0x7
  98 004b 46060000 		.4byte	.LASF5
  99 004f 02       		.uleb128 0x2
 100 0050 08       		.byte	0x8
 101 0051 05       		.byte	0x5
 102 0052 42010000 		.4byte	.LASF6
 103 0056 02       		.uleb128 0x2
 104 0057 08       		.byte	0x8
 105 0058 07       		.byte	0x7
 106 0059 09030000 		.4byte	.LASF7
 107 005d 03       		.uleb128 0x3
 108 005e 04       		.byte	0x4
 109 005f 05       		.byte	0x5
 110 0060 696E7400 		.ascii	"int\000"
 111 0064 02       		.uleb128 0x2
 112 0065 04       		.byte	0x4
 113 0066 07       		.byte	0x7
 114 0067 1E060000 		.4byte	.LASF8
 115 006b 04       		.uleb128 0x4
 116 006c ED010000 		.4byte	.LASF86
 117 0070 02       		.byte	0x2
 118 0071 E501     		.2byte	0x1e5
 119 0073 3A000000 		.4byte	0x3a
 120 0077 02       		.uleb128 0x2
 121 0078 04       		.byte	0x4
 122 0079 04       		.byte	0x4
 123 007a 9D020000 		.4byte	.LASF9
 124 007e 02       		.uleb128 0x2
 125 007f 08       		.byte	0x8
 126 0080 04       		.byte	0x4
 127 0081 66080000 		.4byte	.LASF10
 128 0085 02       		.uleb128 0x2
 129 0086 01       		.byte	0x1
 130 0087 08       		.byte	0x8
ARM GAS  C:\Users\ADMINI~1\AppData\Local\Temp\ccaluRyH.s 			page 5


 131 0088 74070000 		.4byte	.LASF11
 132 008c 02       		.uleb128 0x2
 133 008d 08       		.byte	0x8
 134 008e 04       		.byte	0x4
 135 008f 0A050000 		.4byte	.LASF12
 136 0093 02       		.uleb128 0x2
 137 0094 04       		.byte	0x4
 138 0095 07       		.byte	0x7
 139 0096 18010000 		.4byte	.LASF13
 140 009a 05       		.uleb128 0x5
 141 009b 01       		.byte	0x1
 142 009c 2C000000 		.4byte	0x2c
 143 00a0 05       		.byte	0x5
 144 00a1 3201     		.2byte	0x132
 145 00a3 58020000 		.4byte	0x258
 146 00a7 06       		.uleb128 0x6
 147 00a8 47020000 		.4byte	.LASF14
 148 00ac 00       		.byte	0
 149 00ad 06       		.uleb128 0x6
 150 00ae 87010000 		.4byte	.LASF15
 151 00b2 01       		.byte	0x1
 152 00b3 06       		.uleb128 0x6
 153 00b4 EC090000 		.4byte	.LASF16
 154 00b8 02       		.byte	0x2
 155 00b9 06       		.uleb128 0x6
 156 00ba C2080000 		.4byte	.LASF17
 157 00be 03       		.byte	0x3
 158 00bf 06       		.uleb128 0x6
 159 00c0 61010000 		.4byte	.LASF18
 160 00c4 04       		.byte	0x4
 161 00c5 06       		.uleb128 0x6
 162 00c6 E8030000 		.4byte	.LASF19
 163 00ca 05       		.byte	0x5
 164 00cb 06       		.uleb128 0x6
 165 00cc 3E000000 		.4byte	.LASF20
 166 00d0 06       		.byte	0x6
 167 00d1 06       		.uleb128 0x6
 168 00d2 20090000 		.4byte	.LASF21
 169 00d6 20       		.byte	0x20
 170 00d7 06       		.uleb128 0x6
 171 00d8 58060000 		.4byte	.LASF22
 172 00dc 21       		.byte	0x21
 173 00dd 06       		.uleb128 0x6
 174 00de 00000000 		.4byte	.LASF23
 175 00e2 22       		.byte	0x22
 176 00e3 06       		.uleb128 0x6
 177 00e4 04040000 		.4byte	.LASF24
 178 00e8 23       		.byte	0x23
 179 00e9 06       		.uleb128 0x6
 180 00ea 02060000 		.4byte	.LASF25
 181 00ee 24       		.byte	0x24
 182 00ef 06       		.uleb128 0x6
 183 00f0 E0000000 		.4byte	.LASF26
 184 00f4 25       		.byte	0x25
 185 00f5 06       		.uleb128 0x6
 186 00f6 9F030000 		.4byte	.LASF27
 187 00fa 26       		.byte	0x26
ARM GAS  C:\Users\ADMINI~1\AppData\Local\Temp\ccaluRyH.s 			page 6


 188 00fb 06       		.uleb128 0x6
 189 00fc 80030000 		.4byte	.LASF28
 190 0100 27       		.byte	0x27
 191 0101 06       		.uleb128 0x6
 192 0102 71000000 		.4byte	.LASF29
 193 0106 28       		.byte	0x28
 194 0107 06       		.uleb128 0x6
 195 0108 90060000 		.4byte	.LASF30
 196 010c 29       		.byte	0x29
 197 010d 06       		.uleb128 0x6
 198 010e 24070000 		.4byte	.LASF31
 199 0112 2A       		.byte	0x2a
 200 0113 06       		.uleb128 0x6
 201 0114 06080000 		.4byte	.LASF32
 202 0118 2B       		.byte	0x2b
 203 0119 06       		.uleb128 0x6
 204 011a E8060000 		.4byte	.LASF33
 205 011e 2C       		.byte	0x2c
 206 011f 06       		.uleb128 0x6
 207 0120 BC020000 		.4byte	.LASF34
 208 0124 2D       		.byte	0x2d
 209 0125 06       		.uleb128 0x6
 210 0126 B2000000 		.4byte	.LASF35
 211 012a 2E       		.byte	0x2e
 212 012b 06       		.uleb128 0x6
 213 012c 000B0000 		.4byte	.LASF36
 214 0130 2F       		.byte	0x2f
 215 0131 06       		.uleb128 0x6
 216 0132 21010000 		.4byte	.LASF37
 217 0136 30       		.byte	0x30
 218 0137 06       		.uleb128 0x6
 219 0138 E6040000 		.4byte	.LASF38
 220 013c 31       		.byte	0x31
 221 013d 06       		.uleb128 0x6
 222 013e A8070000 		.4byte	.LASF39
 223 0142 32       		.byte	0x32
 224 0143 06       		.uleb128 0x6
 225 0144 4D070000 		.4byte	.LASF40
 226 0148 33       		.byte	0x33
 227 0149 06       		.uleb128 0x6
 228 014a AD060000 		.4byte	.LASF41
 229 014e 34       		.byte	0x34
 230 014f 06       		.uleb128 0x6
 231 0150 A5080000 		.4byte	.LASF42
 232 0154 35       		.byte	0x35
 233 0155 06       		.uleb128 0x6
 234 0156 35030000 		.4byte	.LASF43
 235 015a 36       		.byte	0x36
 236 015b 06       		.uleb128 0x6
 237 015c 9A010000 		.4byte	.LASF44
 238 0160 37       		.byte	0x37
 239 0161 06       		.uleb128 0x6
 240 0162 57000000 		.4byte	.LASF45
 241 0166 40       		.byte	0x40
 242 0167 06       		.uleb128 0x6
 243 0168 2B060000 		.4byte	.LASF46
 244 016c 41       		.byte	0x41
ARM GAS  C:\Users\ADMINI~1\AppData\Local\Temp\ccaluRyH.s 			page 7


 245 016d 06       		.uleb128 0x6
 246 016e FA000000 		.4byte	.LASF47
 247 0172 42       		.byte	0x42
 248 0173 06       		.uleb128 0x6
 249 0174 CF010000 		.4byte	.LASF48
 250 0178 43       		.byte	0x43
 251 0179 06       		.uleb128 0x6
 252 017a AA090000 		.4byte	.LASF49
 253 017e 44       		.byte	0x44
 254 017f 06       		.uleb128 0x6
 255 0180 44090000 		.4byte	.LASF50
 256 0184 45       		.byte	0x45
 257 0185 06       		.uleb128 0x6
 258 0186 89090000 		.4byte	.LASF51
 259 018a 46       		.byte	0x46
 260 018b 06       		.uleb128 0x6
 261 018c 97050000 		.4byte	.LASF52
 262 0190 47       		.byte	0x47
 263 0191 06       		.uleb128 0x6
 264 0192 DB050000 		.4byte	.LASF53
 265 0196 48       		.byte	0x48
 266 0197 06       		.uleb128 0x6
 267 0198 A3020000 		.4byte	.LASF54
 268 019c 49       		.byte	0x49
 269 019d 06       		.uleb128 0x6
 270 019e C9070000 		.4byte	.LASF55
 271 01a2 4A       		.byte	0x4a
 272 01a3 06       		.uleb128 0x6
 273 01a4 07020000 		.4byte	.LASF56
 274 01a8 4B       		.byte	0x4b
 275 01a9 06       		.uleb128 0x6
 276 01aa C1050000 		.4byte	.LASF57
 277 01ae 4C       		.byte	0x4c
 278 01af 06       		.uleb128 0x6
 279 01b0 24000000 		.4byte	.LASF58
 280 01b4 4D       		.byte	0x4d
 281 01b5 06       		.uleb128 0x6
 282 01b6 6B090000 		.4byte	.LASF59
 283 01ba 4E       		.byte	0x4e
 284 01bb 06       		.uleb128 0x6
 285 01bc 59050000 		.4byte	.LASF60
 286 01c0 4F       		.byte	0x4f
 287 01c1 06       		.uleb128 0x6
 288 01c2 93000000 		.4byte	.LASF61
 289 01c6 50       		.byte	0x50
 290 01c7 06       		.uleb128 0x6
 291 01c8 E7070000 		.4byte	.LASF62
 292 01cc 51       		.byte	0x51
 293 01cd 06       		.uleb128 0x6
 294 01ce C7030000 		.4byte	.LASF63
 295 01d2 52       		.byte	0x52
 296 01d3 06       		.uleb128 0x6
 297 01d4 5F030000 		.4byte	.LASF64
 298 01d8 53       		.byte	0x53
 299 01d9 06       		.uleb128 0x6
 300 01da 26020000 		.4byte	.LASF65
 301 01de 54       		.byte	0x54
ARM GAS  C:\Users\ADMINI~1\AppData\Local\Temp\ccaluRyH.s 			page 8


 302 01df 06       		.uleb128 0x6
 303 01e0 CA0A0000 		.4byte	.LASF66
 304 01e4 55       		.byte	0x55
 305 01e5 06       		.uleb128 0x6
 306 01e6 350A0000 		.4byte	.LASF67
 307 01ea 56       		.byte	0x56
 308 01eb 06       		.uleb128 0x6
 309 01ec 0C0A0000 		.4byte	.LASF68
 310 01f0 57       		.byte	0x57
 311 01f1 06       		.uleb128 0x6
 312 01f2 C5060000 		.4byte	.LASF69
 313 01f6 58       		.byte	0x58
 314 01f7 06       		.uleb128 0x6
 315 01f8 16050000 		.4byte	.LASF70
 316 01fc 70       		.byte	0x70
 317 01fd 06       		.uleb128 0x6
 318 01fe FA080000 		.4byte	.LASF71
 319 0202 71       		.byte	0x71
 320 0203 06       		.uleb128 0x6
 321 0204 79070000 		.4byte	.LASF72
 322 0208 72       		.byte	0x72
 323 0209 06       		.uleb128 0x6
 324 020a 5E020000 		.4byte	.LASF73
 325 020e 73       		.byte	0x73
 326 020f 06       		.uleb128 0x6
 327 0210 C8040000 		.4byte	.LASF74
 328 0214 74       		.byte	0x74
 329 0215 06       		.uleb128 0x6
 330 0216 6F060000 		.4byte	.LASF75
 331 021a 75       		.byte	0x75
 332 021b 06       		.uleb128 0x6
 333 021c 7C020000 		.4byte	.LASF76
 334 0220 76       		.byte	0x76
 335 0221 06       		.uleb128 0x6
 336 0222 DB080000 		.4byte	.LASF77
 337 0226 77       		.byte	0x77
 338 0227 06       		.uleb128 0x6
 339 0228 43080000 		.4byte	.LASF78
 340 022c 78       		.byte	0x78
 341 022d 06       		.uleb128 0x6
 342 022e 6D080000 		.4byte	.LASF79
 343 0232 79       		.byte	0x79
 344 0233 06       		.uleb128 0x6
 345 0234 C8090000 		.4byte	.LASF80
 346 0238 7A       		.byte	0x7a
 347 0239 06       		.uleb128 0x6
 348 023a 25080000 		.4byte	.LASF81
 349 023e FA       		.byte	0xfa
 350 023f 06       		.uleb128 0x6
 351 0240 78050000 		.4byte	.LASF82
 352 0244 FB       		.byte	0xfb
 353 0245 06       		.uleb128 0x6
 354 0246 EE0A0000 		.4byte	.LASF83
 355 024a FC       		.byte	0xfc
 356 024b 06       		.uleb128 0x6
 357 024c 0C070000 		.4byte	.LASF84
 358 0250 FD       		.byte	0xfd
ARM GAS  C:\Users\ADMINI~1\AppData\Local\Temp\ccaluRyH.s 			page 9


 359 0251 06       		.uleb128 0x6
 360 0252 FE090000 		.4byte	.LASF85
 361 0256 FF       		.byte	0xff
 362 0257 00       		.byte	0
 363 0258 04       		.uleb128 0x4
 364 0259 A00A0000 		.4byte	.LASF87
 365 025d 03       		.byte	0x3
 366 025e 8901     		.2byte	0x189
 367 0260 6B000000 		.4byte	0x6b
 368 0264 07       		.uleb128 0x7
 369 0265 04       		.byte	0x4
 370 0266 04       		.byte	0x4
 371 0267 41       		.byte	0x41
 372 0268 85020000 		.4byte	0x285
 373 026c 08       		.uleb128 0x8
 374 026d 90080000 		.4byte	.LASF88
 375 0271 04       		.byte	0x4
 376 0272 44       		.byte	0x44
 377 0273 58020000 		.4byte	0x258
 378 0277 00       		.byte	0
 379 0278 08       		.uleb128 0x8
 380 0279 F4010000 		.4byte	.LASF89
 381 027d 04       		.byte	0x4
 382 027e 46       		.byte	0x46
 383 027f 85020000 		.4byte	0x285
 384 0283 02       		.byte	0x2
 385 0284 00       		.byte	0
 386 0285 09       		.uleb128 0x9
 387 0286 58020000 		.4byte	0x258
 388 028a 95020000 		.4byte	0x295
 389 028e 0A       		.uleb128 0xa
 390 028f 93000000 		.4byte	0x93
 391 0293 00       		.byte	0
 392 0294 00       		.byte	0
 393 0295 0B       		.uleb128 0xb
 394 0296 20030000 		.4byte	.LASF90
 395 029a 04       		.byte	0x4
 396 029b 48       		.byte	0x48
 397 029c 64020000 		.4byte	0x264
 398 02a0 07       		.uleb128 0x7
 399 02a1 06       		.byte	0x6
 400 02a2 04       		.byte	0x4
 401 02a3 4B       		.byte	0x4b
 402 02a4 C1020000 		.4byte	0x2c1
 403 02a8 08       		.uleb128 0x8
 404 02a9 50010000 		.4byte	.LASF91
 405 02ad 04       		.byte	0x4
 406 02ae 4E       		.byte	0x4e
 407 02af 58020000 		.4byte	0x258
 408 02b3 00       		.byte	0
 409 02b4 08       		.uleb128 0x8
 410 02b5 4A050000 		.4byte	.LASF92
 411 02b9 04       		.byte	0x4
 412 02ba 51       		.byte	0x51
 413 02bb C1020000 		.4byte	0x2c1
 414 02bf 02       		.byte	0x2
 415 02c0 00       		.byte	0
ARM GAS  C:\Users\ADMINI~1\AppData\Local\Temp\ccaluRyH.s 			page 10


 416 02c1 09       		.uleb128 0x9
 417 02c2 95020000 		.4byte	0x295
 418 02c6 D1020000 		.4byte	0x2d1
 419 02ca 0A       		.uleb128 0xa
 420 02cb 93000000 		.4byte	0x93
 421 02cf 00       		.byte	0
 422 02d0 00       		.byte	0
 423 02d1 0B       		.uleb128 0xb
 424 02d2 B8040000 		.4byte	.LASF93
 425 02d6 04       		.byte	0x4
 426 02d7 53       		.byte	0x53
 427 02d8 A0020000 		.4byte	0x2a0
 428 02dc 0C       		.uleb128 0xc
 429 02dd 76010000 		.4byte	.LASF97
 430 02e1 01       		.byte	0x1
 431 02e2 44       		.byte	0x44
 432 02e3 00000000 		.4byte	.LFB2
 433 02e7 0A000000 		.4byte	.LFE2-.LFB2
 434 02eb 01       		.uleb128 0x1
 435 02ec 9C       		.byte	0x9c
 436 02ed 09       		.uleb128 0x9
 437 02ee FD020000 		.4byte	0x2fd
 438 02f2 FD020000 		.4byte	0x2fd
 439 02f6 0A       		.uleb128 0xa
 440 02f7 93000000 		.4byte	0x93
 441 02fb 00       		.byte	0
 442 02fc 00       		.byte	0
 443 02fd 0D       		.uleb128 0xd
 444 02fe D1020000 		.4byte	0x2d1
 445 0302 0E       		.uleb128 0xe
 446 0303 BC0A0000 		.4byte	.LASF98
 447 0307 01       		.byte	0x1
 448 0308 1A       		.byte	0x1a
 449 0309 13030000 		.4byte	0x313
 450 030d 05       		.uleb128 0x5
 451 030e 03       		.byte	0x3
 452 030f 00000000 		.4byte	cyBle_customs
 453 0313 0D       		.uleb128 0xd
 454 0314 ED020000 		.4byte	0x2ed
 455 0318 00       		.byte	0
 456              		.section	.debug_abbrev,"",%progbits
 457              	.Ldebug_abbrev0:
 458 0000 01       		.uleb128 0x1
 459 0001 11       		.uleb128 0x11
 460 0002 01       		.byte	0x1
 461 0003 25       		.uleb128 0x25
 462 0004 0E       		.uleb128 0xe
 463 0005 13       		.uleb128 0x13
 464 0006 0B       		.uleb128 0xb
 465 0007 03       		.uleb128 0x3
 466 0008 0E       		.uleb128 0xe
 467 0009 1B       		.uleb128 0x1b
 468 000a 0E       		.uleb128 0xe
 469 000b 55       		.uleb128 0x55
 470 000c 17       		.uleb128 0x17
 471 000d 11       		.uleb128 0x11
 472 000e 01       		.uleb128 0x1
ARM GAS  C:\Users\ADMINI~1\AppData\Local\Temp\ccaluRyH.s 			page 11


 473 000f 10       		.uleb128 0x10
 474 0010 17       		.uleb128 0x17
 475 0011 00       		.byte	0
 476 0012 00       		.byte	0
 477 0013 02       		.uleb128 0x2
 478 0014 24       		.uleb128 0x24
 479 0015 00       		.byte	0
 480 0016 0B       		.uleb128 0xb
 481 0017 0B       		.uleb128 0xb
 482 0018 3E       		.uleb128 0x3e
 483 0019 0B       		.uleb128 0xb
 484 001a 03       		.uleb128 0x3
 485 001b 0E       		.uleb128 0xe
 486 001c 00       		.byte	0
 487 001d 00       		.byte	0
 488 001e 03       		.uleb128 0x3
 489 001f 24       		.uleb128 0x24
 490 0020 00       		.byte	0
 491 0021 0B       		.uleb128 0xb
 492 0022 0B       		.uleb128 0xb
 493 0023 3E       		.uleb128 0x3e
 494 0024 0B       		.uleb128 0xb
 495 0025 03       		.uleb128 0x3
 496 0026 08       		.uleb128 0x8
 497 0027 00       		.byte	0
 498 0028 00       		.byte	0
 499 0029 04       		.uleb128 0x4
 500 002a 16       		.uleb128 0x16
 501 002b 00       		.byte	0
 502 002c 03       		.uleb128 0x3
 503 002d 0E       		.uleb128 0xe
 504 002e 3A       		.uleb128 0x3a
 505 002f 0B       		.uleb128 0xb
 506 0030 3B       		.uleb128 0x3b
 507 0031 05       		.uleb128 0x5
 508 0032 49       		.uleb128 0x49
 509 0033 13       		.uleb128 0x13
 510 0034 00       		.byte	0
 511 0035 00       		.byte	0
 512 0036 05       		.uleb128 0x5
 513 0037 04       		.uleb128 0x4
 514 0038 01       		.byte	0x1
 515 0039 0B       		.uleb128 0xb
 516 003a 0B       		.uleb128 0xb
 517 003b 49       		.uleb128 0x49
 518 003c 13       		.uleb128 0x13
 519 003d 3A       		.uleb128 0x3a
 520 003e 0B       		.uleb128 0xb
 521 003f 3B       		.uleb128 0x3b
 522 0040 05       		.uleb128 0x5
 523 0041 01       		.uleb128 0x1
 524 0042 13       		.uleb128 0x13
 525 0043 00       		.byte	0
 526 0044 00       		.byte	0
 527 0045 06       		.uleb128 0x6
 528 0046 28       		.uleb128 0x28
 529 0047 00       		.byte	0
ARM GAS  C:\Users\ADMINI~1\AppData\Local\Temp\ccaluRyH.s 			page 12


 530 0048 03       		.uleb128 0x3
 531 0049 0E       		.uleb128 0xe
 532 004a 1C       		.uleb128 0x1c
 533 004b 0B       		.uleb128 0xb
 534 004c 00       		.byte	0
 535 004d 00       		.byte	0
 536 004e 07       		.uleb128 0x7
 537 004f 13       		.uleb128 0x13
 538 0050 01       		.byte	0x1
 539 0051 0B       		.uleb128 0xb
 540 0052 0B       		.uleb128 0xb
 541 0053 3A       		.uleb128 0x3a
 542 0054 0B       		.uleb128 0xb
 543 0055 3B       		.uleb128 0x3b
 544 0056 0B       		.uleb128 0xb
 545 0057 01       		.uleb128 0x1
 546 0058 13       		.uleb128 0x13
 547 0059 00       		.byte	0
 548 005a 00       		.byte	0
 549 005b 08       		.uleb128 0x8
 550 005c 0D       		.uleb128 0xd
 551 005d 00       		.byte	0
 552 005e 03       		.uleb128 0x3
 553 005f 0E       		.uleb128 0xe
 554 0060 3A       		.uleb128 0x3a
 555 0061 0B       		.uleb128 0xb
 556 0062 3B       		.uleb128 0x3b
 557 0063 0B       		.uleb128 0xb
 558 0064 49       		.uleb128 0x49
 559 0065 13       		.uleb128 0x13
 560 0066 38       		.uleb128 0x38
 561 0067 0B       		.uleb128 0xb
 562 0068 00       		.byte	0
 563 0069 00       		.byte	0
 564 006a 09       		.uleb128 0x9
 565 006b 01       		.uleb128 0x1
 566 006c 01       		.byte	0x1
 567 006d 49       		.uleb128 0x49
 568 006e 13       		.uleb128 0x13
 569 006f 01       		.uleb128 0x1
 570 0070 13       		.uleb128 0x13
 571 0071 00       		.byte	0
 572 0072 00       		.byte	0
 573 0073 0A       		.uleb128 0xa
 574 0074 21       		.uleb128 0x21
 575 0075 00       		.byte	0
 576 0076 49       		.uleb128 0x49
 577 0077 13       		.uleb128 0x13
 578 0078 2F       		.uleb128 0x2f
 579 0079 0B       		.uleb128 0xb
 580 007a 00       		.byte	0
 581 007b 00       		.byte	0
 582 007c 0B       		.uleb128 0xb
 583 007d 16       		.uleb128 0x16
 584 007e 00       		.byte	0
 585 007f 03       		.uleb128 0x3
 586 0080 0E       		.uleb128 0xe
ARM GAS  C:\Users\ADMINI~1\AppData\Local\Temp\ccaluRyH.s 			page 13


 587 0081 3A       		.uleb128 0x3a
 588 0082 0B       		.uleb128 0xb
 589 0083 3B       		.uleb128 0x3b
 590 0084 0B       		.uleb128 0xb
 591 0085 49       		.uleb128 0x49
 592 0086 13       		.uleb128 0x13
 593 0087 00       		.byte	0
 594 0088 00       		.byte	0
 595 0089 0C       		.uleb128 0xc
 596 008a 2E       		.uleb128 0x2e
 597 008b 00       		.byte	0
 598 008c 3F       		.uleb128 0x3f
 599 008d 19       		.uleb128 0x19
 600 008e 03       		.uleb128 0x3
 601 008f 0E       		.uleb128 0xe
 602 0090 3A       		.uleb128 0x3a
 603 0091 0B       		.uleb128 0xb
 604 0092 3B       		.uleb128 0x3b
 605 0093 0B       		.uleb128 0xb
 606 0094 27       		.uleb128 0x27
 607 0095 19       		.uleb128 0x19
 608 0096 11       		.uleb128 0x11
 609 0097 01       		.uleb128 0x1
 610 0098 12       		.uleb128 0x12
 611 0099 06       		.uleb128 0x6
 612 009a 40       		.uleb128 0x40
 613 009b 18       		.uleb128 0x18
 614 009c 9742     		.uleb128 0x2117
 615 009e 19       		.uleb128 0x19
 616 009f 00       		.byte	0
 617 00a0 00       		.byte	0
 618 00a1 0D       		.uleb128 0xd
 619 00a2 26       		.uleb128 0x26
 620 00a3 00       		.byte	0
 621 00a4 49       		.uleb128 0x49
 622 00a5 13       		.uleb128 0x13
 623 00a6 00       		.byte	0
 624 00a7 00       		.byte	0
 625 00a8 0E       		.uleb128 0xe
 626 00a9 34       		.uleb128 0x34
 627 00aa 00       		.byte	0
 628 00ab 03       		.uleb128 0x3
 629 00ac 0E       		.uleb128 0xe
 630 00ad 3A       		.uleb128 0x3a
 631 00ae 0B       		.uleb128 0xb
 632 00af 3B       		.uleb128 0x3b
 633 00b0 0B       		.uleb128 0xb
 634 00b1 49       		.uleb128 0x49
 635 00b2 13       		.uleb128 0x13
 636 00b3 3F       		.uleb128 0x3f
 637 00b4 19       		.uleb128 0x19
 638 00b5 02       		.uleb128 0x2
 639 00b6 18       		.uleb128 0x18
 640 00b7 00       		.byte	0
 641 00b8 00       		.byte	0
 642 00b9 00       		.byte	0
 643              		.section	.debug_aranges,"",%progbits
ARM GAS  C:\Users\ADMINI~1\AppData\Local\Temp\ccaluRyH.s 			page 14


 644 0000 1C000000 		.4byte	0x1c
 645 0004 0200     		.2byte	0x2
 646 0006 00000000 		.4byte	.Ldebug_info0
 647 000a 04       		.byte	0x4
 648 000b 00       		.byte	0
 649 000c 0000     		.2byte	0
 650 000e 0000     		.2byte	0
 651 0010 00000000 		.4byte	.LFB2
 652 0014 0A000000 		.4byte	.LFE2-.LFB2
 653 0018 00000000 		.4byte	0
 654 001c 00000000 		.4byte	0
 655              		.section	.debug_ranges,"",%progbits
 656              	.Ldebug_ranges0:
 657 0000 00000000 		.4byte	.LFB2
 658 0004 0A000000 		.4byte	.LFE2
 659 0008 00000000 		.4byte	0
 660 000c 00000000 		.4byte	0
 661              		.section	.debug_line,"",%progbits
 662              	.Ldebug_line0:
 663 0000 92000000 		.section	.debug_str,"MS",%progbits,1
 663      02007900 
 663      00000201 
 663      FB0E0D00 
 663      01010101 
 664              	.LASF23:
 665 0000 4359424C 		.ascii	"CYBLE_EVT_GAP_PASSKEY_ENTRY_REQUEST\000"
 665      455F4556 
 665      545F4741 
 665      505F5041 
 665      53534B45 
 666              	.LASF58:
 667 0024 4359424C 		.ascii	"CYBLE_EVT_GATTC_WRITE_RSP\000"
 667      455F4556 
 667      545F4741 
 667      5454435F 
 667      57524954 
 668              	.LASF20:
 669 003e 4359424C 		.ascii	"CYBLE_EVT_MEMORY_REQUEST\000"
 669      455F4556 
 669      545F4D45 
 669      4D4F5259 
 669      5F524551 
 670              	.LASF45:
 671 0057 4359424C 		.ascii	"CYBLE_EVT_GATTC_ERROR_RSP\000"
 671      455F4556 
 671      545F4741 
 671      5454435F 
 671      4552524F 
 672              	.LASF29:
 673 0071 4359424C 		.ascii	"CYBLE_EVT_GAP_DEVICE_DISCONNECTED\000"
 673      455F4556 
 673      545F4741 
 673      505F4445 
 673      56494345 
 674              	.LASF61:
 675 0093 4359424C 		.ascii	"CYBLE_EVT_GATTS_EXEC_WRITE_REQ\000"
 675      455F4556 
ARM GAS  C:\Users\ADMINI~1\AppData\Local\Temp\ccaluRyH.s 			page 15


 675      545F4741 
 675      5454535F 
 675      45584543 
 676              	.LASF35:
 677 00b2 4359424C 		.ascii	"CYBLE_EVT_GAP_KEYPRESS_NOTIFICATION\000"
 677      455F4556 
 677      545F4741 
 677      505F4B45 
 677      59505245 
 678              	.LASF2:
 679 00d6 73686F72 		.ascii	"short int\000"
 679      7420696E 
 679      7400
 680              	.LASF26:
 681 00e0 4359424C 		.ascii	"CYBLE_EVT_GAP_AUTH_FAILED\000"
 681      455F4556 
 681      545F4741 
 681      505F4155 
 681      54485F46 
 682              	.LASF47:
 683 00fa 4359424C 		.ascii	"CYBLE_EVT_GATT_DISCONNECT_IND\000"
 683      455F4556 
 683      545F4741 
 683      54545F44 
 683      4953434F 
 684              	.LASF13:
 685 0118 73697A65 		.ascii	"sizetype\000"
 685      74797065 
 685      00
 686              	.LASF37:
 687 0121 4359424C 		.ascii	"CYBLE_EVT_GAP_DATA_LENGTH_CHANGE\000"
 687      455F4556 
 687      545F4741 
 687      505F4441 
 687      54415F4C 
 688              	.LASF6:
 689 0142 6C6F6E67 		.ascii	"long long int\000"
 689      206C6F6E 
 689      6720696E 
 689      7400
 690              	.LASF91:
 691 0150 63757374 		.ascii	"customServHandle\000"
 691      6F6D5365 
 691      72764861 
 691      6E646C65 
 691      00
 692              	.LASF18:
 693 0161 4359424C 		.ascii	"CYBLE_EVT_HCI_STATUS\000"
 693      455F4556 
 693      545F4843 
 693      495F5354 
 693      41545553 
 694              	.LASF97:
 695 0176 4379426C 		.ascii	"CyBle_CustomInit\000"
 695      655F4375 
 695      73746F6D 
 695      496E6974 
ARM GAS  C:\Users\ADMINI~1\AppData\Local\Temp\ccaluRyH.s 			page 16


 695      00
 696              	.LASF15:
 697 0187 4359424C 		.ascii	"CYBLE_EVT_STACK_ON\000"
 697      455F4556 
 697      545F5354 
 697      41434B5F 
 697      4F4E00
 698              	.LASF44:
 699 019a 4359424C 		.ascii	"CYBLE_EVT_GAP_SMP_LOC_P256_KEYS_GEN_AND_SET_COMPLET"
 699      455F4556 
 699      545F4741 
 699      505F534D 
 699      505F4C4F 
 700 01cd 4500     		.ascii	"E\000"
 701              	.LASF48:
 702 01cf 4359424C 		.ascii	"CYBLE_EVT_GATTS_XCNHG_MTU_REQ\000"
 702      455F4556 
 702      545F4741 
 702      5454535F 
 702      58434E48 
 703              	.LASF86:
 704 01ed 75696E74 		.ascii	"uint16\000"
 704      313600
 705              	.LASF89:
 706 01f4 63757374 		.ascii	"customServCharDesc\000"
 706      6F6D5365 
 706      72764368 
 706      61724465 
 706      736300
 707              	.LASF56:
 708 0207 4359424C 		.ascii	"CYBLE_EVT_GATTC_READ_MULTI_RSP\000"
 708      455F4556 
 708      545F4741 
 708      5454435F 
 708      52454144 
 709              	.LASF65:
 710 0226 4359424C 		.ascii	"CYBLE_EVT_GATTS_HANDLE_VALUE_CNF\000"
 710      455F4556 
 710      545F4741 
 710      5454535F 
 710      48414E44 
 711              	.LASF14:
 712 0247 4359424C 		.ascii	"CYBLE_EVT_HOST_INVALID\000"
 712      455F4556 
 712      545F484F 
 712      53545F49 
 712      4E56414C 
 713              	.LASF73:
 714 025e 4359424C 		.ascii	"CYBLE_EVT_L2CAP_CBFC_CONN_IND\000"
 714      455F4556 
 714      545F4C32 
 714      4341505F 
 714      43424643 
 715              	.LASF76:
 716 027c 4359424C 		.ascii	"CYBLE_EVT_L2CAP_CBFC_DISCONN_CNF\000"
 716      455F4556 
 716      545F4C32 
ARM GAS  C:\Users\ADMINI~1\AppData\Local\Temp\ccaluRyH.s 			page 17


 716      4341505F 
 716      43424643 
 717              	.LASF9:
 718 029d 666C6F61 		.ascii	"float\000"
 718      7400
 719              	.LASF54:
 720 02a3 4359424C 		.ascii	"CYBLE_EVT_GATTC_READ_RSP\000"
 720      455F4556 
 720      545F4741 
 720      5454435F 
 720      52454144 
 721              	.LASF34:
 722 02bc 4359424C 		.ascii	"CYBLE_EVT_GAP_NUMERIC_COMPARISON_REQUEST\000"
 722      455F4556 
 722      545F4741 
 722      505F4E55 
 722      4D455249 
 723              	.LASF95:
 724 02e5 47656E65 		.ascii	"Generated_Source\\PSoC4\\BLE_custom.c\000"
 724      72617465 
 724      645F536F 
 724      75726365 
 724      5C50536F 
 725              	.LASF7:
 726 0309 6C6F6E67 		.ascii	"long long unsigned int\000"
 726      206C6F6E 
 726      6720756E 
 726      7369676E 
 726      65642069 
 727              	.LASF90:
 728 0320 4359424C 		.ascii	"CYBLE_CUSTOMS_INFO_T\000"
 728      455F4355 
 728      53544F4D 
 728      535F494E 
 728      464F5F54 
 729              	.LASF43:
 730 0335 4359424C 		.ascii	"CYBLE_EVT_GAP_AUTH_REQ_REPLY_ERR\000"
 730      455F4556 
 730      545F4741 
 730      505F4155 
 730      54485F52 
 731              	.LASF4:
 732 0356 6C6F6E67 		.ascii	"long int\000"
 732      20696E74 
 732      00
 733              	.LASF64:
 734 035f 4359424C 		.ascii	"CYBLE_EVT_GATTC_HANDLE_VALUE_IND\000"
 734      455F4556 
 734      545F4741 
 734      5454435F 
 734      48414E44 
 735              	.LASF28:
 736 0380 4359424C 		.ascii	"CYBLE_EVT_GAP_DEVICE_CONNECTED\000"
 736      455F4556 
 736      545F4741 
 736      505F4445 
 736      56494345 
ARM GAS  C:\Users\ADMINI~1\AppData\Local\Temp\ccaluRyH.s 			page 18


 737              	.LASF27:
 738 039f 4359424C 		.ascii	"CYBLE_EVT_GAPP_ADVERTISEMENT_START_STOP\000"
 738      455F4556 
 738      545F4741 
 738      50505F41 
 738      44564552 
 739              	.LASF63:
 740 03c7 4359424C 		.ascii	"CYBLE_EVT_GATTC_HANDLE_VALUE_NTF\000"
 740      455F4556 
 740      545F4741 
 740      5454435F 
 740      48414E44 
 741              	.LASF19:
 742 03e8 4359424C 		.ascii	"CYBLE_EVT_STACK_BUSY_STATUS\000"
 742      455F4556 
 742      545F5354 
 742      41434B5F 
 742      42555359 
 743              	.LASF24:
 744 0404 4359424C 		.ascii	"CYBLE_EVT_GAP_PASSKEY_DISPLAY_REQUEST\000"
 744      455F4556 
 744      545F4741 
 744      505F5041 
 744      53534B45 
 745              	.LASF94:
 746 042a 474E5520 		.ascii	"GNU C11 5.4.1 20160609 (release) [ARM/embedded-5-br"
 746      43313120 
 746      352E342E 
 746      31203230 
 746      31363036 
 747 045d 616E6368 		.ascii	"anch revision 237715] -mcpu=cortex-m0 -mthumb -g -O"
 747      20726576 
 747      6973696F 
 747      6E203233 
 747      37373135 
 748 0490 30202D66 		.ascii	"0 -ffunction-sections -ffat-lto-objects\000"
 748      66756E63 
 748      74696F6E 
 748      2D736563 
 748      74696F6E 
 749              	.LASF93:
 750 04b8 4359424C 		.ascii	"CYBLE_CUSTOMS_T\000"
 750      455F4355 
 750      53544F4D 
 750      535F5400 
 751              	.LASF74:
 752 04c8 4359424C 		.ascii	"CYBLE_EVT_L2CAP_CBFC_CONN_CNF\000"
 752      455F4556 
 752      545F4C32 
 752      4341505F 
 752      43424643 
 753              	.LASF38:
 754 04e6 4359424C 		.ascii	"CYBLE_EVT_GAP_ENHANCE_CONN_COMPLETE\000"
 754      455F4556 
 754      545F4741 
 754      505F454E 
 754      48414E43 
ARM GAS  C:\Users\ADMINI~1\AppData\Local\Temp\ccaluRyH.s 			page 19


 755              	.LASF12:
 756 050a 6C6F6E67 		.ascii	"long double\000"
 756      20646F75 
 756      626C6500 
 757              	.LASF70:
 758 0516 4359424C 		.ascii	"CYBLE_EVT_L2CAP_CONN_PARAM_UPDATE_REQ\000"
 758      455F4556 
 758      545F4C32 
 758      4341505F 
 758      434F4E4E 
 759              	.LASF1:
 760 053c 756E7369 		.ascii	"unsigned char\000"
 760      676E6564 
 760      20636861 
 760      7200
 761              	.LASF92:
 762 054a 63757374 		.ascii	"customServInfo\000"
 762      6F6D5365 
 762      7276496E 
 762      666F00
 763              	.LASF60:
 764 0559 4359424C 		.ascii	"CYBLE_EVT_GATTS_PREP_WRITE_REQ\000"
 764      455F4556 
 764      545F4741 
 764      5454535F 
 764      50524550 
 765              	.LASF82:
 766 0578 4359424C 		.ascii	"CYBLE_EVT_LE_PING_AUTH_TIMEOUT\000"
 766      455F4556 
 766      545F4C45 
 766      5F50494E 
 766      475F4155 
 767              	.LASF52:
 768 0597 4359424C 		.ascii	"CYBLE_EVT_GATTC_FIND_INFO_RSP\000"
 768      455F4556 
 768      545F4741 
 768      5454435F 
 768      46494E44 
 769              	.LASF0:
 770 05b5 7369676E 		.ascii	"signed char\000"
 770      65642063 
 770      68617200 
 771              	.LASF57:
 772 05c1 4359424C 		.ascii	"CYBLE_EVT_GATTS_WRITE_REQ\000"
 772      455F4556 
 772      545F4741 
 772      5454535F 
 772      57524954 
 773              	.LASF53:
 774 05db 4359424C 		.ascii	"CYBLE_EVT_GATTC_FIND_BY_TYPE_VALUE_RSP\000"
 774      455F4556 
 774      545F4741 
 774      5454435F 
 774      46494E44 
 775              	.LASF25:
 776 0602 4359424C 		.ascii	"CYBLE_EVT_GAP_AUTH_COMPLETE\000"
 776      455F4556 
ARM GAS  C:\Users\ADMINI~1\AppData\Local\Temp\ccaluRyH.s 			page 20


 776      545F4741 
 776      505F4155 
 776      54485F43 
 777              	.LASF8:
 778 061e 756E7369 		.ascii	"unsigned int\000"
 778      676E6564 
 778      20696E74 
 778      00
 779              	.LASF46:
 780 062b 4359424C 		.ascii	"CYBLE_EVT_GATT_CONNECT_IND\000"
 780      455F4556 
 780      545F4741 
 780      54545F43 
 780      4F4E4E45 
 781              	.LASF5:
 782 0646 6C6F6E67 		.ascii	"long unsigned int\000"
 782      20756E73 
 782      69676E65 
 782      6420696E 
 782      7400
 783              	.LASF22:
 784 0658 4359424C 		.ascii	"CYBLE_EVT_GAP_AUTH_REQ\000"
 784      455F4556 
 784      545F4741 
 784      505F4155 
 784      54485F52 
 785              	.LASF75:
 786 066f 4359424C 		.ascii	"CYBLE_EVT_L2CAP_CBFC_DISCONN_IND\000"
 786      455F4556 
 786      545F4C32 
 786      4341505F 
 786      43424643 
 787              	.LASF30:
 788 0690 4359424C 		.ascii	"CYBLE_EVT_GAP_ENCRYPT_CHANGE\000"
 788      455F4556 
 788      545F4741 
 788      505F454E 
 788      43525950 
 789              	.LASF41:
 790 06ad 4359424C 		.ascii	"CYBLE_EVT_GAP_CONN_ESTB\000"
 790      455F4556 
 790      545F4741 
 790      505F434F 
 790      4E4E5F45 
 791              	.LASF69:
 792 06c5 4359424C 		.ascii	"CYBLE_EVT_GATTC_LONG_PROCEDURE_END\000"
 792      455F4556 
 792      545F4741 
 792      5454435F 
 792      4C4F4E47 
 793              	.LASF33:
 794 06e8 4359424C 		.ascii	"CYBLE_EVT_GAP_KEYINFO_EXCHNGE_CMPLT\000"
 794      455F4556 
 794      545F4741 
 794      505F4B45 
 794      59494E46 
 795              	.LASF84:
ARM GAS  C:\Users\ADMINI~1\AppData\Local\Temp\ccaluRyH.s 			page 21


 796 070c 4359424C 		.ascii	"CYBLE_EVT_FLASH_CORRUPT\000"
 796      455F4556 
 796      545F464C 
 796      4153485F 
 796      434F5252 
 797              	.LASF31:
 798 0724 4359424C 		.ascii	"CYBLE_EVT_GAP_CONNECTION_UPDATE_COMPLETE\000"
 798      455F4556 
 798      545F4741 
 798      505F434F 
 798      4E4E4543 
 799              	.LASF40:
 800 074d 4359424C 		.ascii	"CYBLE_EVT_GAP_SMP_NEGOTIATED_AUTH_INFO\000"
 800      455F4556 
 800      545F4741 
 800      505F534D 
 800      505F4E45 
 801              	.LASF11:
 802 0774 63686172 		.ascii	"char\000"
 802      00
 803              	.LASF72:
 804 0779 4359424C 		.ascii	"CYBLE_EVT_L2CAP_COMMAND_REJ\000"
 804      455F4556 
 804      545F4C32 
 804      4341505F 
 804      434F4D4D 
 805              	.LASF3:
 806 0795 73686F72 		.ascii	"short unsigned int\000"
 806      7420756E 
 806      7369676E 
 806      65642069 
 806      6E7400
 807              	.LASF39:
 808 07a8 4359424C 		.ascii	"CYBLE_EVT_GAPC_DIRECT_ADV_REPORT\000"
 808      455F4556 
 808      545F4741 
 808      50435F44 
 808      49524543 
 809              	.LASF55:
 810 07c9 4359424C 		.ascii	"CYBLE_EVT_GATTC_READ_BLOB_RSP\000"
 810      455F4556 
 810      545F4741 
 810      5454435F 
 810      52454144 
 811              	.LASF62:
 812 07e7 4359424C 		.ascii	"CYBLE_EVT_GATTC_EXEC_WRITE_RSP\000"
 812      455F4556 
 812      545F4741 
 812      5454435F 
 812      45584543 
 813              	.LASF32:
 814 0806 4359424C 		.ascii	"CYBLE_EVT_GAPC_SCAN_START_STOP\000"
 814      455F4556 
 814      545F4741 
 814      50435F53 
 814      43414E5F 
 815              	.LASF81:
ARM GAS  C:\Users\ADMINI~1\AppData\Local\Temp\ccaluRyH.s 			page 22


 816 0825 4359424C 		.ascii	"CYBLE_EVT_PENDING_FLASH_WRITE\000"
 816      455F4556 
 816      545F5045 
 816      4E44494E 
 816      475F464C 
 817              	.LASF78:
 818 0843 4359424C 		.ascii	"CYBLE_EVT_L2CAP_CBFC_RX_CREDIT_IND\000"
 818      455F4556 
 818      545F4C32 
 818      4341505F 
 818      43424643 
 819              	.LASF10:
 820 0866 646F7562 		.ascii	"double\000"
 820      6C6500
 821              	.LASF79:
 822 086d 4359424C 		.ascii	"CYBLE_EVT_L2CAP_CBFC_TX_CREDIT_IND\000"
 822      455F4556 
 822      545F4C32 
 822      4341505F 
 822      43424643 
 823              	.LASF88:
 824 0890 63757374 		.ascii	"customServCharHandle\000"
 824      6F6D5365 
 824      72764368 
 824      61724861 
 824      6E646C65 
 825              	.LASF42:
 826 08a5 4359424C 		.ascii	"CYBLE_EVT_GAP_SCAN_REQ_RECVD\000"
 826      455F4556 
 826      545F4741 
 826      505F5343 
 826      414E5F52 
 827              	.LASF17:
 828 08c2 4359424C 		.ascii	"CYBLE_EVT_HARDWARE_ERROR\000"
 828      455F4556 
 828      545F4841 
 828      52445741 
 828      52455F45 
 829              	.LASF77:
 830 08db 4359424C 		.ascii	"CYBLE_EVT_L2CAP_CBFC_DATA_READ\000"
 830      455F4556 
 830      545F4C32 
 830      4341505F 
 830      43424643 
 831              	.LASF71:
 832 08fa 4359424C 		.ascii	"CYBLE_EVT_L2CAP_CONN_PARAM_UPDATE_RSP\000"
 832      455F4556 
 832      545F4C32 
 832      4341505F 
 832      434F4E4E 
 833              	.LASF21:
 834 0920 4359424C 		.ascii	"CYBLE_EVT_GAPC_SCAN_PROGRESS_RESULT\000"
 834      455F4556 
 834      545F4741 
 834      50435F53 
 834      43414E5F 
 835              	.LASF50:
ARM GAS  C:\Users\ADMINI~1\AppData\Local\Temp\ccaluRyH.s 			page 23


 836 0944 4359424C 		.ascii	"CYBLE_EVT_GATTC_READ_BY_GROUP_TYPE_RSP\000"
 836      455F4556 
 836      545F4741 
 836      5454435F 
 836      52454144 
 837              	.LASF59:
 838 096b 4359424C 		.ascii	"CYBLE_EVT_GATTS_WRITE_CMD_REQ\000"
 838      455F4556 
 838      545F4741 
 838      5454535F 
 838      57524954 
 839              	.LASF51:
 840 0989 4359424C 		.ascii	"CYBLE_EVT_GATTC_READ_BY_TYPE_RSP\000"
 840      455F4556 
 840      545F4741 
 840      5454435F 
 840      52454144 
 841              	.LASF49:
 842 09aa 4359424C 		.ascii	"CYBLE_EVT_GATTC_XCHNG_MTU_RSP\000"
 842      455F4556 
 842      545F4741 
 842      5454435F 
 842      5843484E 
 843              	.LASF80:
 844 09c8 4359424C 		.ascii	"CYBLE_EVT_L2CAP_CBFC_DATA_WRITE_IND\000"
 844      455F4556 
 844      545F4C32 
 844      4341505F 
 844      43424643 
 845              	.LASF16:
 846 09ec 4359424C 		.ascii	"CYBLE_EVT_TIMEOUT\000"
 846      455F4556 
 846      545F5449 
 846      4D454F55 
 846      5400
 847              	.LASF85:
 848 09fe 4359424C 		.ascii	"CYBLE_EVT_MAX\000"
 848      455F4556 
 848      545F4D41 
 848      5800
 849              	.LASF68:
 850 0a0c 4359424C 		.ascii	"CYBLE_EVT_GATTS_READ_CHAR_VAL_ACCESS_REQ\000"
 850      455F4556 
 850      545F4741 
 850      5454535F 
 850      52454144 
 851              	.LASF67:
 852 0a35 4359424C 		.ascii	"CYBLE_EVT_GATTC_STOP_CMD_COMPLETE\000"
 852      455F4556 
 852      545F4741 
 852      5454435F 
 852      53544F50 
 853              	.LASF96:
 854 0a57 433A5C55 		.ascii	"C:\\Users\\Administrator\\Documents\\PSoC Creator\\"
 854      73657273 
 854      5C41646D 
 854      696E6973 
ARM GAS  C:\Users\ADMINI~1\AppData\Local\Temp\ccaluRyH.s 			page 24


 854      74726174 
 855 0a85 576F726B 		.ascii	"Workspace03\\Design01.cydsn\000"
 855      73706163 
 855      6530335C 
 855      44657369 
 855      676E3031 
 856              	.LASF87:
 857 0aa0 4359424C 		.ascii	"CYBLE_GATT_DB_ATTR_HANDLE_T\000"
 857      455F4741 
 857      54545F44 
 857      425F4154 
 857      54525F48 
 858              	.LASF98:
 859 0abc 6379426C 		.ascii	"cyBle_customs\000"
 859      655F6375 
 859      73746F6D 
 859      7300
 860              	.LASF66:
 861 0aca 4359424C 		.ascii	"CYBLE_EVT_GATTS_DATA_SIGNED_CMD_REQ\000"
 861      455F4556 
 861      545F4741 
 861      5454535F 
 861      44415441 
 862              	.LASF83:
 863 0aee 4359424C 		.ascii	"CYBLE_EVT_HCI_PKT\000"
 863      455F4556 
 863      545F4843 
 863      495F504B 
 863      5400
 864              	.LASF36:
 865 0b00 4359424C 		.ascii	"CYBLE_EVT_GAP_OOB_GENERATED_NOTIFICATION\000"
 865      455F4556 
 865      545F4741 
 865      505F4F4F 
 865      425F4745 
 866              		.ident	"GCC: (GNU Tools for ARM Embedded Processors) 5.4.1 20160609 (release) [ARM/embedded-5-bran
