ARM GAS  C:\Users\Tudor\AppData\Local\Temp\ccF6F1jZ.s 			page 1


   1              		.syntax unified
   2              		.cpu cortex-m0
   3              		.fpu softvfp
   4              		.eabi_attribute 20, 1
   5              		.eabi_attribute 21, 1
   6              		.eabi_attribute 23, 3
   7              		.eabi_attribute 24, 1
   8              		.eabi_attribute 25, 1
   9              		.eabi_attribute 26, 1
  10              		.eabi_attribute 30, 6
  11              		.eabi_attribute 34, 0
  12              		.eabi_attribute 18, 4
  13              		.thumb
  14              		.syntax unified
  15              		.file	"cyfitter_cfg.c"
  16              		.text
  17              	.Ltext0:
  18              		.cfi_sections	.debug_frame
  19              		.section	.text.CYMEMZERO,"ax",%progbits
  20              		.align	2
  21              		.code	16
  22              		.thumb_func
  23              		.type	CYMEMZERO, %function
  24              	CYMEMZERO:
  25              	.LFB2:
  26              		.file 1 "Generated_Source\\PSoC4\\cyfitter_cfg.c"
   1:Generated_Source\PSoC4/cyfitter_cfg.c **** 
   2:Generated_Source\PSoC4/cyfitter_cfg.c **** /*******************************************************************************
   3:Generated_Source\PSoC4/cyfitter_cfg.c **** * File Name: cyfitter_cfg.c
   4:Generated_Source\PSoC4/cyfitter_cfg.c **** * 
   5:Generated_Source\PSoC4/cyfitter_cfg.c **** * PSoC Creator  4.2
   6:Generated_Source\PSoC4/cyfitter_cfg.c **** *
   7:Generated_Source\PSoC4/cyfitter_cfg.c **** * Description:
   8:Generated_Source\PSoC4/cyfitter_cfg.c **** * This file contains device initialization code.
   9:Generated_Source\PSoC4/cyfitter_cfg.c **** * Except for the user defined sections in CyClockStartupError(), this file should not be modified.
  10:Generated_Source\PSoC4/cyfitter_cfg.c **** * This file is automatically generated by PSoC Creator.
  11:Generated_Source\PSoC4/cyfitter_cfg.c **** *
  12:Generated_Source\PSoC4/cyfitter_cfg.c **** ********************************************************************************
  13:Generated_Source\PSoC4/cyfitter_cfg.c **** * Copyright (c) 2007-2018 Cypress Semiconductor.  All rights reserved.
  14:Generated_Source\PSoC4/cyfitter_cfg.c **** * You may use this file only in accordance with the license, terms, conditions, 
  15:Generated_Source\PSoC4/cyfitter_cfg.c **** * disclaimers, and limitations in the end user license agreement accompanying 
  16:Generated_Source\PSoC4/cyfitter_cfg.c **** * the software package with which this file was provided.
  17:Generated_Source\PSoC4/cyfitter_cfg.c **** ********************************************************************************/
  18:Generated_Source\PSoC4/cyfitter_cfg.c **** 
  19:Generated_Source\PSoC4/cyfitter_cfg.c **** #include <string.h>
  20:Generated_Source\PSoC4/cyfitter_cfg.c **** #include "cytypes.h"
  21:Generated_Source\PSoC4/cyfitter_cfg.c **** #include "cydevice_trm.h"
  22:Generated_Source\PSoC4/cyfitter_cfg.c **** #include "cyfitter.h"
  23:Generated_Source\PSoC4/cyfitter_cfg.c **** #include "CyLib.h"
  24:Generated_Source\PSoC4/cyfitter_cfg.c **** #include "CyLFClk.h"
  25:Generated_Source\PSoC4/cyfitter_cfg.c **** #include "cyfitter_cfg.h"
  26:Generated_Source\PSoC4/cyfitter_cfg.c **** #include "cyapicallbacks.h"
  27:Generated_Source\PSoC4/cyfitter_cfg.c **** 
  28:Generated_Source\PSoC4/cyfitter_cfg.c **** 
  29:Generated_Source\PSoC4/cyfitter_cfg.c **** #if defined(__GNUC__) || defined(__ARMCC_VERSION)
  30:Generated_Source\PSoC4/cyfitter_cfg.c ****     #define CYPACKED 
  31:Generated_Source\PSoC4/cyfitter_cfg.c ****     #define CYPACKED_ATTR __attribute__ ((packed))
ARM GAS  C:\Users\Tudor\AppData\Local\Temp\ccF6F1jZ.s 			page 2


  32:Generated_Source\PSoC4/cyfitter_cfg.c ****     #define CYALIGNED __attribute__ ((aligned))
  33:Generated_Source\PSoC4/cyfitter_cfg.c ****     #define CY_CFG_UNUSED __attribute__ ((unused))
  34:Generated_Source\PSoC4/cyfitter_cfg.c ****     #ifndef CY_CFG_SECTION
  35:Generated_Source\PSoC4/cyfitter_cfg.c ****         #define CY_CFG_SECTION __attribute__ ((section(".psocinit")))
  36:Generated_Source\PSoC4/cyfitter_cfg.c ****     #endif
  37:Generated_Source\PSoC4/cyfitter_cfg.c ****     
  38:Generated_Source\PSoC4/cyfitter_cfg.c ****     #if defined(__ARMCC_VERSION)
  39:Generated_Source\PSoC4/cyfitter_cfg.c ****         #define CY_CFG_MEMORY_BARRIER() __memory_changed()
  40:Generated_Source\PSoC4/cyfitter_cfg.c ****     #else
  41:Generated_Source\PSoC4/cyfitter_cfg.c ****         #define CY_CFG_MEMORY_BARRIER() __sync_synchronize()
  42:Generated_Source\PSoC4/cyfitter_cfg.c ****     #endif
  43:Generated_Source\PSoC4/cyfitter_cfg.c ****     
  44:Generated_Source\PSoC4/cyfitter_cfg.c **** #elif defined(__ICCARM__)
  45:Generated_Source\PSoC4/cyfitter_cfg.c ****     #include <intrinsics.h>
  46:Generated_Source\PSoC4/cyfitter_cfg.c **** 
  47:Generated_Source\PSoC4/cyfitter_cfg.c ****     #define CYPACKED __packed
  48:Generated_Source\PSoC4/cyfitter_cfg.c ****     #define CYPACKED_ATTR 
  49:Generated_Source\PSoC4/cyfitter_cfg.c ****     #define CYALIGNED _Pragma("data_alignment=4")
  50:Generated_Source\PSoC4/cyfitter_cfg.c ****     #define CY_CFG_UNUSED _Pragma("diag_suppress=Pe177")
  51:Generated_Source\PSoC4/cyfitter_cfg.c ****     #define CY_CFG_SECTION _Pragma("location=\".psocinit\"")
  52:Generated_Source\PSoC4/cyfitter_cfg.c ****     
  53:Generated_Source\PSoC4/cyfitter_cfg.c ****     #define CY_CFG_MEMORY_BARRIER() __DMB()
  54:Generated_Source\PSoC4/cyfitter_cfg.c ****     
  55:Generated_Source\PSoC4/cyfitter_cfg.c **** #else
  56:Generated_Source\PSoC4/cyfitter_cfg.c ****     #error Unsupported toolchain
  57:Generated_Source\PSoC4/cyfitter_cfg.c **** #endif
  58:Generated_Source\PSoC4/cyfitter_cfg.c **** 
  59:Generated_Source\PSoC4/cyfitter_cfg.c **** #ifndef CYCODE
  60:Generated_Source\PSoC4/cyfitter_cfg.c ****     #define CYCODE
  61:Generated_Source\PSoC4/cyfitter_cfg.c **** #endif
  62:Generated_Source\PSoC4/cyfitter_cfg.c **** #ifndef CYDATA
  63:Generated_Source\PSoC4/cyfitter_cfg.c ****     #define CYDATA
  64:Generated_Source\PSoC4/cyfitter_cfg.c **** #endif
  65:Generated_Source\PSoC4/cyfitter_cfg.c **** #ifndef CYFAR
  66:Generated_Source\PSoC4/cyfitter_cfg.c ****     #define CYFAR
  67:Generated_Source\PSoC4/cyfitter_cfg.c **** #endif
  68:Generated_Source\PSoC4/cyfitter_cfg.c **** #ifndef CYXDATA
  69:Generated_Source\PSoC4/cyfitter_cfg.c ****     #define CYXDATA
  70:Generated_Source\PSoC4/cyfitter_cfg.c **** #endif
  71:Generated_Source\PSoC4/cyfitter_cfg.c **** 
  72:Generated_Source\PSoC4/cyfitter_cfg.c **** 
  73:Generated_Source\PSoC4/cyfitter_cfg.c **** CY_CFG_UNUSED
  74:Generated_Source\PSoC4/cyfitter_cfg.c **** static void CYMEMZERO(void *s, size_t n);
  75:Generated_Source\PSoC4/cyfitter_cfg.c **** CY_CFG_UNUSED
  76:Generated_Source\PSoC4/cyfitter_cfg.c **** static void CYMEMZERO(void *s, size_t n)
  77:Generated_Source\PSoC4/cyfitter_cfg.c **** {
  27              		.loc 1 77 0
  28              		.cfi_startproc
  29              		@ args = 0, pretend = 0, frame = 8
  30              		@ frame_needed = 1, uses_anonymous_args = 0
  31 0000 80B5     		push	{r7, lr}
  32              		.cfi_def_cfa_offset 8
  33              		.cfi_offset 7, -8
  34              		.cfi_offset 14, -4
  35 0002 82B0     		sub	sp, sp, #8
  36              		.cfi_def_cfa_offset 16
  37 0004 00AF     		add	r7, sp, #0
ARM GAS  C:\Users\Tudor\AppData\Local\Temp\ccF6F1jZ.s 			page 3


  38              		.cfi_def_cfa_register 7
  39 0006 7860     		str	r0, [r7, #4]
  40 0008 3960     		str	r1, [r7]
  78:Generated_Source\PSoC4/cyfitter_cfg.c **** 	(void)memset(s, 0, n);
  41              		.loc 1 78 0
  42 000a 3A68     		ldr	r2, [r7]
  43 000c 7B68     		ldr	r3, [r7, #4]
  44 000e 0021     		movs	r1, #0
  45 0010 1800     		movs	r0, r3
  46 0012 FFF7FEFF 		bl	memset
  79:Generated_Source\PSoC4/cyfitter_cfg.c **** }
  47              		.loc 1 79 0
  48 0016 C046     		nop
  49 0018 BD46     		mov	sp, r7
  50 001a 02B0     		add	sp, sp, #8
  51              		@ sp needed
  52 001c 80BD     		pop	{r7, pc}
  53              		.cfi_endproc
  54              	.LFE2:
  55              		.size	CYMEMZERO, .-CYMEMZERO
  56 001e C046     		.section	.text.CYCONFIGCPY,"ax",%progbits
  57              		.align	2
  58              		.code	16
  59              		.thumb_func
  60              		.type	CYCONFIGCPY, %function
  61              	CYCONFIGCPY:
  62              	.LFB3:
  80:Generated_Source\PSoC4/cyfitter_cfg.c **** CY_CFG_UNUSED
  81:Generated_Source\PSoC4/cyfitter_cfg.c **** static void CYCONFIGCPY(void *dest, const void *src, size_t n);
  82:Generated_Source\PSoC4/cyfitter_cfg.c **** CY_CFG_UNUSED
  83:Generated_Source\PSoC4/cyfitter_cfg.c **** static void CYCONFIGCPY(void *dest, const void *src, size_t n)
  84:Generated_Source\PSoC4/cyfitter_cfg.c **** {
  63              		.loc 1 84 0
  64              		.cfi_startproc
  65              		@ args = 0, pretend = 0, frame = 16
  66              		@ frame_needed = 1, uses_anonymous_args = 0
  67 0000 80B5     		push	{r7, lr}
  68              		.cfi_def_cfa_offset 8
  69              		.cfi_offset 7, -8
  70              		.cfi_offset 14, -4
  71 0002 84B0     		sub	sp, sp, #16
  72              		.cfi_def_cfa_offset 24
  73 0004 00AF     		add	r7, sp, #0
  74              		.cfi_def_cfa_register 7
  75 0006 F860     		str	r0, [r7, #12]
  76 0008 B960     		str	r1, [r7, #8]
  77 000a 7A60     		str	r2, [r7, #4]
  85:Generated_Source\PSoC4/cyfitter_cfg.c **** 	(void)memcpy(dest, src, n);
  78              		.loc 1 85 0
  79 000c 7A68     		ldr	r2, [r7, #4]
  80 000e B968     		ldr	r1, [r7, #8]
  81 0010 FB68     		ldr	r3, [r7, #12]
  82 0012 1800     		movs	r0, r3
  83 0014 FFF7FEFF 		bl	memcpy
  86:Generated_Source\PSoC4/cyfitter_cfg.c **** }
  84              		.loc 1 86 0
  85 0018 C046     		nop
ARM GAS  C:\Users\Tudor\AppData\Local\Temp\ccF6F1jZ.s 			page 4


  86 001a BD46     		mov	sp, r7
  87 001c 04B0     		add	sp, sp, #16
  88              		@ sp needed
  89 001e 80BD     		pop	{r7, pc}
  90              		.cfi_endproc
  91              	.LFE3:
  92              		.size	CYCONFIGCPY, .-CYCONFIGCPY
  93              		.section	.text.CYCONFIGCPYCODE,"ax",%progbits
  94              		.align	2
  95              		.code	16
  96              		.thumb_func
  97              		.type	CYCONFIGCPYCODE, %function
  98              	CYCONFIGCPYCODE:
  99              	.LFB4:
  87:Generated_Source\PSoC4/cyfitter_cfg.c **** CY_CFG_UNUSED
  88:Generated_Source\PSoC4/cyfitter_cfg.c **** static void CYCONFIGCPYCODE(void *dest, const void *src, size_t n);
  89:Generated_Source\PSoC4/cyfitter_cfg.c **** CY_CFG_UNUSED
  90:Generated_Source\PSoC4/cyfitter_cfg.c **** static void CYCONFIGCPYCODE(void *dest, const void *src, size_t n)
  91:Generated_Source\PSoC4/cyfitter_cfg.c **** {
 100              		.loc 1 91 0
 101              		.cfi_startproc
 102              		@ args = 0, pretend = 0, frame = 16
 103              		@ frame_needed = 1, uses_anonymous_args = 0
 104 0000 80B5     		push	{r7, lr}
 105              		.cfi_def_cfa_offset 8
 106              		.cfi_offset 7, -8
 107              		.cfi_offset 14, -4
 108 0002 84B0     		sub	sp, sp, #16
 109              		.cfi_def_cfa_offset 24
 110 0004 00AF     		add	r7, sp, #0
 111              		.cfi_def_cfa_register 7
 112 0006 F860     		str	r0, [r7, #12]
 113 0008 B960     		str	r1, [r7, #8]
 114 000a 7A60     		str	r2, [r7, #4]
  92:Generated_Source\PSoC4/cyfitter_cfg.c **** 	(void)memcpy(dest, src, n);
 115              		.loc 1 92 0
 116 000c 7A68     		ldr	r2, [r7, #4]
 117 000e B968     		ldr	r1, [r7, #8]
 118 0010 FB68     		ldr	r3, [r7, #12]
 119 0012 1800     		movs	r0, r3
 120 0014 FFF7FEFF 		bl	memcpy
  93:Generated_Source\PSoC4/cyfitter_cfg.c **** }
 121              		.loc 1 93 0
 122 0018 C046     		nop
 123 001a BD46     		mov	sp, r7
 124 001c 04B0     		add	sp, sp, #16
 125              		@ sp needed
 126 001e 80BD     		pop	{r7, pc}
 127              		.cfi_endproc
 128              	.LFE4:
 129              		.size	CYCONFIGCPYCODE, .-CYCONFIGCPYCODE
 130              		.section	.psocinit,"ax",%progbits
 131              		.align	2
 132              		.code	16
 133              		.thumb_func
 134              		.type	ClockSetup, %function
 135              	ClockSetup:
ARM GAS  C:\Users\Tudor\AppData\Local\Temp\ccF6F1jZ.s 			page 5


 136              	.LFB5:
  94:Generated_Source\PSoC4/cyfitter_cfg.c **** 
  95:Generated_Source\PSoC4/cyfitter_cfg.c **** 
  96:Generated_Source\PSoC4/cyfitter_cfg.c **** 
  97:Generated_Source\PSoC4/cyfitter_cfg.c **** 
  98:Generated_Source\PSoC4/cyfitter_cfg.c **** /* Clock startup error codes                                                   */
  99:Generated_Source\PSoC4/cyfitter_cfg.c **** #define CYCLOCKSTART_NO_ERROR    0u
 100:Generated_Source\PSoC4/cyfitter_cfg.c **** #define CYCLOCKSTART_XTAL_ERROR  1u
 101:Generated_Source\PSoC4/cyfitter_cfg.c **** #define CYCLOCKSTART_32KHZ_ERROR 2u
 102:Generated_Source\PSoC4/cyfitter_cfg.c **** #define CYCLOCKSTART_PLL_ERROR   3u
 103:Generated_Source\PSoC4/cyfitter_cfg.c **** #define CYCLOCKSTART_FLL_ERROR   4u
 104:Generated_Source\PSoC4/cyfitter_cfg.c **** #define CYCLOCKSTART_WCO_ERROR   5u
 105:Generated_Source\PSoC4/cyfitter_cfg.c **** 
 106:Generated_Source\PSoC4/cyfitter_cfg.c **** 
 107:Generated_Source\PSoC4/cyfitter_cfg.c **** #ifdef CY_NEED_CYCLOCKSTARTUPERROR
 108:Generated_Source\PSoC4/cyfitter_cfg.c **** /*******************************************************************************
 109:Generated_Source\PSoC4/cyfitter_cfg.c **** * Function Name: CyClockStartupError
 110:Generated_Source\PSoC4/cyfitter_cfg.c **** ********************************************************************************
 111:Generated_Source\PSoC4/cyfitter_cfg.c **** * Summary:
 112:Generated_Source\PSoC4/cyfitter_cfg.c **** *  If an error is encountered during clock configuration (crystal startup error,
 113:Generated_Source\PSoC4/cyfitter_cfg.c **** *  PLL lock error, etc.), the system will end up here.  Unless reimplemented by
 114:Generated_Source\PSoC4/cyfitter_cfg.c **** *  the customer, this function will stop in an infinite loop.
 115:Generated_Source\PSoC4/cyfitter_cfg.c **** *
 116:Generated_Source\PSoC4/cyfitter_cfg.c **** * Parameters:
 117:Generated_Source\PSoC4/cyfitter_cfg.c **** *   void
 118:Generated_Source\PSoC4/cyfitter_cfg.c **** *
 119:Generated_Source\PSoC4/cyfitter_cfg.c **** * Return:
 120:Generated_Source\PSoC4/cyfitter_cfg.c **** *   void
 121:Generated_Source\PSoC4/cyfitter_cfg.c **** *
 122:Generated_Source\PSoC4/cyfitter_cfg.c **** *******************************************************************************/
 123:Generated_Source\PSoC4/cyfitter_cfg.c **** CY_CFG_UNUSED
 124:Generated_Source\PSoC4/cyfitter_cfg.c **** static void CyClockStartupError(uint8 errorCode);
 125:Generated_Source\PSoC4/cyfitter_cfg.c **** CY_CFG_UNUSED
 126:Generated_Source\PSoC4/cyfitter_cfg.c **** static void CyClockStartupError(uint8 errorCode)
 127:Generated_Source\PSoC4/cyfitter_cfg.c **** {
 128:Generated_Source\PSoC4/cyfitter_cfg.c ****     /* To remove the compiler warning if errorCode not used.                */
 129:Generated_Source\PSoC4/cyfitter_cfg.c ****     errorCode = errorCode;
 130:Generated_Source\PSoC4/cyfitter_cfg.c **** 
 131:Generated_Source\PSoC4/cyfitter_cfg.c ****     /* If we have a clock startup error (bad MHz crystal, PLL lock, etc.),  */
 132:Generated_Source\PSoC4/cyfitter_cfg.c ****     /* we will end up here to allow the customer to implement something to  */
 133:Generated_Source\PSoC4/cyfitter_cfg.c ****     /* deal with the clock condition.                                       */
 134:Generated_Source\PSoC4/cyfitter_cfg.c **** 
 135:Generated_Source\PSoC4/cyfitter_cfg.c **** #ifdef CY_CFG_CLOCK_STARTUP_ERROR_CALLBACK
 136:Generated_Source\PSoC4/cyfitter_cfg.c ****     CY_CFG_Clock_Startup_ErrorCallback();
 137:Generated_Source\PSoC4/cyfitter_cfg.c **** #else
 138:Generated_Source\PSoC4/cyfitter_cfg.c ****     /*  If not using CY_CFG_CLOCK_STARTUP_ERROR_CALLBACK, place your clock startup code here. */
 139:Generated_Source\PSoC4/cyfitter_cfg.c ****     /* `#START CyClockStartupError` */
 140:Generated_Source\PSoC4/cyfitter_cfg.c **** 
 141:Generated_Source\PSoC4/cyfitter_cfg.c **** 
 142:Generated_Source\PSoC4/cyfitter_cfg.c **** 
 143:Generated_Source\PSoC4/cyfitter_cfg.c ****     /* `#END` */
 144:Generated_Source\PSoC4/cyfitter_cfg.c **** 
 145:Generated_Source\PSoC4/cyfitter_cfg.c ****     while(1) {}
 146:Generated_Source\PSoC4/cyfitter_cfg.c **** #endif /* CY_CFG_CLOCK_STARTUP_ERROR_CALLBACK */
 147:Generated_Source\PSoC4/cyfitter_cfg.c **** }
 148:Generated_Source\PSoC4/cyfitter_cfg.c **** #endif
 149:Generated_Source\PSoC4/cyfitter_cfg.c **** 
ARM GAS  C:\Users\Tudor\AppData\Local\Temp\ccF6F1jZ.s 			page 6


 150:Generated_Source\PSoC4/cyfitter_cfg.c **** 
 151:Generated_Source\PSoC4/cyfitter_cfg.c **** 
 152:Generated_Source\PSoC4/cyfitter_cfg.c **** /*******************************************************************************
 153:Generated_Source\PSoC4/cyfitter_cfg.c **** * Function Name: ClockSetup
 154:Generated_Source\PSoC4/cyfitter_cfg.c **** ********************************************************************************
 155:Generated_Source\PSoC4/cyfitter_cfg.c **** *
 156:Generated_Source\PSoC4/cyfitter_cfg.c **** * Summary:
 157:Generated_Source\PSoC4/cyfitter_cfg.c **** *   Performs the initialization of all of the clocks in the device based on the
 158:Generated_Source\PSoC4/cyfitter_cfg.c **** *   settings in the Clock tab of the DWR.  This includes enabling the requested
 159:Generated_Source\PSoC4/cyfitter_cfg.c **** *   clocks and setting the necessary dividers to produce the desired frequency. 
 160:Generated_Source\PSoC4/cyfitter_cfg.c **** *
 161:Generated_Source\PSoC4/cyfitter_cfg.c **** * Parameters:
 162:Generated_Source\PSoC4/cyfitter_cfg.c **** *   void
 163:Generated_Source\PSoC4/cyfitter_cfg.c **** *
 164:Generated_Source\PSoC4/cyfitter_cfg.c **** * Return:
 165:Generated_Source\PSoC4/cyfitter_cfg.c **** *   void
 166:Generated_Source\PSoC4/cyfitter_cfg.c **** *
 167:Generated_Source\PSoC4/cyfitter_cfg.c **** *******************************************************************************/
 168:Generated_Source\PSoC4/cyfitter_cfg.c **** static void ClockSetup(void);
 169:Generated_Source\PSoC4/cyfitter_cfg.c **** CY_CFG_SECTION
 170:Generated_Source\PSoC4/cyfitter_cfg.c **** static void ClockSetup(void)
 171:Generated_Source\PSoC4/cyfitter_cfg.c **** {
 137              		.loc 1 171 0
 138              		.cfi_startproc
 139              		@ args = 0, pretend = 0, frame = 0
 140              		@ frame_needed = 1, uses_anonymous_args = 0
 141 0000 80B5     		push	{r7, lr}
 142              		.cfi_def_cfa_offset 8
 143              		.cfi_offset 7, -8
 144              		.cfi_offset 14, -4
 145 0002 00AF     		add	r7, sp, #0
 146              		.cfi_def_cfa_register 7
 172:Generated_Source\PSoC4/cyfitter_cfg.c **** 
 173:Generated_Source\PSoC4/cyfitter_cfg.c **** 	/* Set Flash Cycles based on max possible frequency in case a glitch occurs during ClockSetup(). *
 174:Generated_Source\PSoC4/cyfitter_cfg.c **** 	CY_SET_REG32((void CYXDATA *)(CYREG_CPUSS_FLASH_CTL), (0x0012u));
 147              		.loc 1 174 0
 148 0004 294B     		ldr	r3, .L5
 149 0006 1222     		movs	r2, #18
 150 0008 1A60     		str	r2, [r3]
 175:Generated_Source\PSoC4/cyfitter_cfg.c **** 
 176:Generated_Source\PSoC4/cyfitter_cfg.c **** 	/* Start the WCO */
 177:Generated_Source\PSoC4/cyfitter_cfg.c **** 	CySysClkWcoStart();
 151              		.loc 1 177 0
 152 000a FFF7FEFF 		bl	CySysClkWcoStart
 178:Generated_Source\PSoC4/cyfitter_cfg.c **** 	CyDelayCycles(12000000u); /* WCO may take up to 500ms to start */
 153              		.loc 1 178 0
 154 000e 284B     		ldr	r3, .L5+4
 155 0010 1800     		movs	r0, r3
 156 0012 FFF7FEFF 		bl	CyDelayCycles
 179:Generated_Source\PSoC4/cyfitter_cfg.c **** 	(void)CySysClkWcoSetPowerMode(CY_SYS_CLK_WCO_LPM);    /* Switch to the low power mode */
 157              		.loc 1 179 0
 158 0016 0120     		movs	r0, #1
 159 0018 FFF7FEFF 		bl	CySysClkWcoSetPowerMode
 180:Generated_Source\PSoC4/cyfitter_cfg.c **** 
 181:Generated_Source\PSoC4/cyfitter_cfg.c **** 	/* Setup and trim IMO based on desired frequency. */
 182:Generated_Source\PSoC4/cyfitter_cfg.c **** 	CySysClkWriteImoFreq(8u);
 160              		.loc 1 182 0
ARM GAS  C:\Users\Tudor\AppData\Local\Temp\ccF6F1jZ.s 			page 7


 161 001c 0820     		movs	r0, #8
 162 001e FFF7FEFF 		bl	CySysClkWriteImoFreq
 183:Generated_Source\PSoC4/cyfitter_cfg.c **** 	/* CYDEV_CLK_ILO_CONFIG Starting address: CYDEV_CLK_ILO_CONFIG */
 184:Generated_Source\PSoC4/cyfitter_cfg.c **** 	CY_SET_REG32((void *)(CYREG_CLK_ILO_CONFIG), 0x80000006u);
 163              		.loc 1 184 0
 164 0022 244B     		ldr	r3, .L5+8
 165 0024 244A     		ldr	r2, .L5+12
 166 0026 1A60     		str	r2, [r3]
 185:Generated_Source\PSoC4/cyfitter_cfg.c **** 
 186:Generated_Source\PSoC4/cyfitter_cfg.c **** 	/* CYDEV_WDT_CONFIG Starting address: CYDEV_WDT_CONFIG */
 187:Generated_Source\PSoC4/cyfitter_cfg.c **** 	CY_SET_REG32((void *)(CYREG_WDT_CONFIG), 0x40000000u);
 167              		.loc 1 187 0
 168 0028 244B     		ldr	r3, .L5+16
 169 002a 8022     		movs	r2, #128
 170 002c D205     		lsls	r2, r2, #23
 171 002e 1A60     		str	r2, [r3]
 188:Generated_Source\PSoC4/cyfitter_cfg.c **** 
 189:Generated_Source\PSoC4/cyfitter_cfg.c **** 
 190:Generated_Source\PSoC4/cyfitter_cfg.c **** 	/* Enable fast start mode for XO */
 191:Generated_Source\PSoC4/cyfitter_cfg.c **** 	CY_SET_REG32((void*)CYREG_BLE_BLERD_BB_XO, CY_GET_REG32((void*)CYREG_BLE_BLERD_BB_XO) | (uint32)0x
 172              		.loc 1 191 0
 173 0030 234B     		ldr	r3, .L5+20
 174 0032 234A     		ldr	r2, .L5+20
 175 0034 1268     		ldr	r2, [r2]
 176 0036 0221     		movs	r1, #2
 177 0038 0A43     		orrs	r2, r1
 178 003a 1A60     		str	r2, [r3]
 192:Generated_Source\PSoC4/cyfitter_cfg.c **** 	CY_SET_REG32((void *)(CYREG_BLE_BLERD_BB_XO_CAPTRIM), 0x00007171u);
 179              		.loc 1 192 0
 180 003c 214B     		ldr	r3, .L5+24
 181 003e 224A     		ldr	r2, .L5+28
 182 0040 1A60     		str	r2, [r3]
 193:Generated_Source\PSoC4/cyfitter_cfg.c **** 	/*Set XTAL(ECO) divider*/
 194:Generated_Source\PSoC4/cyfitter_cfg.c **** 	CY_SET_REG32((void *)(CYREG_BLE_BLESS_XTAL_CLK_DIV_CONFIG), 0x00000000u);
 183              		.loc 1 194 0
 184 0042 224B     		ldr	r3, .L5+32
 185 0044 0022     		movs	r2, #0
 186 0046 1A60     		str	r2, [r3]
 195:Generated_Source\PSoC4/cyfitter_cfg.c **** 	/* Disable Crystal Stable Interrupt before enabling ECO */
 196:Generated_Source\PSoC4/cyfitter_cfg.c **** 	CY_SET_REG32((void*)CYREG_BLE_BLESS_LL_DSM_CTRL, CY_GET_REG32((void*)CYREG_BLE_BLESS_LL_DSM_CTRL) 
 187              		.loc 1 196 0
 188 0048 214B     		ldr	r3, .L5+36
 189 004a 214A     		ldr	r2, .L5+36
 190 004c 1268     		ldr	r2, [r2]
 191 004e 0821     		movs	r1, #8
 192 0050 8A43     		bics	r2, r1
 193 0052 1A60     		str	r2, [r3]
 197:Generated_Source\PSoC4/cyfitter_cfg.c **** 	/* Start the ECO and do not check status since it is not needed for HFCLK */
 198:Generated_Source\PSoC4/cyfitter_cfg.c **** 	(void)CySysClkEcoStart(2000u);
 194              		.loc 1 198 0
 195 0054 FA23     		movs	r3, #250
 196 0056 DB00     		lsls	r3, r3, #3
 197 0058 1800     		movs	r0, r3
 198 005a FFF7FEFF 		bl	CySysClkEcoStart
 199:Generated_Source\PSoC4/cyfitter_cfg.c **** 	CyDelayUs(1500u); /* Wait to stabilize */
 199              		.loc 1 199 0
 200 005e 1D4B     		ldr	r3, .L5+40
ARM GAS  C:\Users\Tudor\AppData\Local\Temp\ccF6F1jZ.s 			page 8


 201 0060 1800     		movs	r0, r3
 202 0062 FFF7FEFF 		bl	CyDelayUs
 200:Generated_Source\PSoC4/cyfitter_cfg.c **** 
 201:Generated_Source\PSoC4/cyfitter_cfg.c **** 	/* Setup phase aligned clocks */
 202:Generated_Source\PSoC4/cyfitter_cfg.c **** 	CY_SET_REG32((void *)CYREG_PERI_DIV_16_CTL0, 0x00000400u);
 203              		.loc 1 202 0
 204 0066 1C4B     		ldr	r3, .L5+44
 205 0068 8022     		movs	r2, #128
 206 006a D200     		lsls	r2, r2, #3
 207 006c 1A60     		str	r2, [r3]
 203:Generated_Source\PSoC4/cyfitter_cfg.c **** 	CY_SET_REG32((void *)CYREG_PERI_DIV_CMD, 0x8000FF40u);
 208              		.loc 1 203 0
 209 006e 1B4B     		ldr	r3, .L5+48
 210 0070 1B4A     		ldr	r2, .L5+52
 211 0072 1A60     		str	r2, [r3]
 204:Generated_Source\PSoC4/cyfitter_cfg.c **** 
 205:Generated_Source\PSoC4/cyfitter_cfg.c **** 	/* CYDEV_CLK_IMO_CONFIG Starting address: CYDEV_CLK_IMO_CONFIG */
 206:Generated_Source\PSoC4/cyfitter_cfg.c **** 	CY_SET_REG32((void *)(CYREG_CLK_IMO_CONFIG), 0x80000000u);
 212              		.loc 1 206 0
 213 0074 1B4B     		ldr	r3, .L5+56
 214 0076 8022     		movs	r2, #128
 215 0078 1206     		lsls	r2, r2, #24
 216 007a 1A60     		str	r2, [r3]
 207:Generated_Source\PSoC4/cyfitter_cfg.c **** 
 208:Generated_Source\PSoC4/cyfitter_cfg.c **** 	/* CYDEV_CLK_SELECT Starting address: CYDEV_CLK_SELECT */
 209:Generated_Source\PSoC4/cyfitter_cfg.c **** 	CY_SET_REG32((void *)(CYREG_CLK_SELECT), 0x00000000u);
 217              		.loc 1 209 0
 218 007c 1A4B     		ldr	r3, .L5+60
 219 007e 0022     		movs	r2, #0
 220 0080 1A60     		str	r2, [r3]
 210:Generated_Source\PSoC4/cyfitter_cfg.c **** 
 211:Generated_Source\PSoC4/cyfitter_cfg.c **** 	/* CYDEV_PERI_PCLK_CTL1 Starting address: CYDEV_PERI_PCLK_CTL1 */
 212:Generated_Source\PSoC4/cyfitter_cfg.c **** 	CY_SET_REG32((void *)(CYREG_PERI_PCLK_CTL1), 0x00000040u);
 221              		.loc 1 212 0
 222 0082 1A4B     		ldr	r3, .L5+64
 223 0084 4022     		movs	r2, #64
 224 0086 1A60     		str	r2, [r3]
 213:Generated_Source\PSoC4/cyfitter_cfg.c **** 
 214:Generated_Source\PSoC4/cyfitter_cfg.c **** 	(void)CyIntSetVector(8u, &CySysWdtIsr);
 225              		.loc 1 214 0
 226 0088 194B     		ldr	r3, .L5+68
 227 008a 1900     		movs	r1, r3
 228 008c 0820     		movs	r0, #8
 229 008e FFF7FEFF 		bl	CyIntSetVector
 215:Generated_Source\PSoC4/cyfitter_cfg.c **** 	CyIntEnable(8u);
 230              		.loc 1 215 0
 231 0092 0820     		movs	r0, #8
 232 0094 FFF7FEFF 		bl	CyIntEnable
 216:Generated_Source\PSoC4/cyfitter_cfg.c **** 	CY_SET_REG32((void *)(CYREG_WDT_CONFIG), 0x40000000u);
 233              		.loc 1 216 0
 234 0098 084B     		ldr	r3, .L5+16
 235 009a 8022     		movs	r2, #128
 236 009c D205     		lsls	r2, r2, #23
 237 009e 1A60     		str	r2, [r3]
 217:Generated_Source\PSoC4/cyfitter_cfg.c **** 	/* Set Flash Cycles based on newly configured 8.00MHz HFCLK. */
 218:Generated_Source\PSoC4/cyfitter_cfg.c **** 	CY_SET_REG32((void CYXDATA *)(CYREG_CPUSS_FLASH_CTL), (0x0000u));
 238              		.loc 1 218 0
ARM GAS  C:\Users\Tudor\AppData\Local\Temp\ccF6F1jZ.s 			page 9


 239 00a0 024B     		ldr	r3, .L5
 240 00a2 0022     		movs	r2, #0
 241 00a4 1A60     		str	r2, [r3]
 219:Generated_Source\PSoC4/cyfitter_cfg.c **** }
 242              		.loc 1 219 0
 243 00a6 C046     		nop
 244 00a8 BD46     		mov	sp, r7
 245              		@ sp needed
 246 00aa 80BD     		pop	{r7, pc}
 247              	.L6:
 248              		.align	2
 249              	.L5:
 250 00ac 30001040 		.word	1074790448
 251 00b0 001BB700 		.word	12000000
 252 00b4 04010B40 		.word	1074462980
 253 00b8 06000080 		.word	-2147483642
 254 00bc 0C020B40 		.word	1074463244
 255 00c0 78002E40 		.word	1076756600
 256 00c4 7C002E40 		.word	1076756604
 257 00c8 71710000 		.word	29041
 258 00cc 64F02E40 		.word	1076818020
 259 00d0 6CF02E40 		.word	1076818028
 260 00d4 DC050000 		.word	1500
 261 00d8 00030140 		.word	1073808128
 262 00dc 00000140 		.word	1073807360
 263 00e0 40FF0080 		.word	-2147418304
 264 00e4 08010B40 		.word	1074462984
 265 00e8 00010B40 		.word	1074462976
 266 00ec 04010140 		.word	1073807620
 267 00f0 00000000 		.word	CySysWdtIsr
 268              		.cfi_endproc
 269              	.LFE5:
 270              		.size	ClockSetup, .-ClockSetup
 271              		.section	.text.AnalogSetDefault,"ax",%progbits
 272              		.align	2
 273              		.code	16
 274              		.thumb_func
 275              		.type	AnalogSetDefault, %function
 276              	AnalogSetDefault:
 277              	.LFB6:
 220:Generated_Source\PSoC4/cyfitter_cfg.c **** 
 221:Generated_Source\PSoC4/cyfitter_cfg.c **** 
 222:Generated_Source\PSoC4/cyfitter_cfg.c **** /* Analog API Functions */
 223:Generated_Source\PSoC4/cyfitter_cfg.c **** 
 224:Generated_Source\PSoC4/cyfitter_cfg.c **** 
 225:Generated_Source\PSoC4/cyfitter_cfg.c **** /*******************************************************************************
 226:Generated_Source\PSoC4/cyfitter_cfg.c **** * Function Name: AnalogSetDefault
 227:Generated_Source\PSoC4/cyfitter_cfg.c **** ********************************************************************************
 228:Generated_Source\PSoC4/cyfitter_cfg.c **** *
 229:Generated_Source\PSoC4/cyfitter_cfg.c **** * Summary:
 230:Generated_Source\PSoC4/cyfitter_cfg.c **** *  Sets up the analog portions of the chip to default values based on chip
 231:Generated_Source\PSoC4/cyfitter_cfg.c **** *  configuration options from the project.
 232:Generated_Source\PSoC4/cyfitter_cfg.c **** *
 233:Generated_Source\PSoC4/cyfitter_cfg.c **** * Parameters:
 234:Generated_Source\PSoC4/cyfitter_cfg.c **** *  void
 235:Generated_Source\PSoC4/cyfitter_cfg.c **** *
 236:Generated_Source\PSoC4/cyfitter_cfg.c **** * Return:
ARM GAS  C:\Users\Tudor\AppData\Local\Temp\ccF6F1jZ.s 			page 10


 237:Generated_Source\PSoC4/cyfitter_cfg.c **** *  void
 238:Generated_Source\PSoC4/cyfitter_cfg.c **** *
 239:Generated_Source\PSoC4/cyfitter_cfg.c **** *******************************************************************************/
 240:Generated_Source\PSoC4/cyfitter_cfg.c **** static void AnalogSetDefault(void);
 241:Generated_Source\PSoC4/cyfitter_cfg.c **** static void AnalogSetDefault(void)
 242:Generated_Source\PSoC4/cyfitter_cfg.c **** {
 278              		.loc 1 242 0
 279              		.cfi_startproc
 280              		@ args = 0, pretend = 0, frame = 0
 281              		@ frame_needed = 1, uses_anonymous_args = 0
 282 0000 80B5     		push	{r7, lr}
 283              		.cfi_def_cfa_offset 8
 284              		.cfi_offset 7, -8
 285              		.cfi_offset 14, -4
 286 0002 00AF     		add	r7, sp, #0
 287              		.cfi_def_cfa_register 7
 243:Generated_Source\PSoC4/cyfitter_cfg.c **** 	CY_SET_XTND_REG32((void CYFAR *)CYREG_CTBM0_DFT_CTRL, 0x00000003u);
 288              		.loc 1 243 0
 289 0004 054B     		ldr	r3, .L8
 290 0006 0322     		movs	r2, #3
 291 0008 1A60     		str	r2, [r3]
 244:Generated_Source\PSoC4/cyfitter_cfg.c **** 	CY_SET_XTND_REG32((void CYFAR *)CYREG_CTBM1_DFT_CTRL, 0x00000003u);
 292              		.loc 1 244 0
 293 000a 054B     		ldr	r3, .L8+4
 294 000c 0322     		movs	r2, #3
 295 000e 1A60     		str	r2, [r3]
 245:Generated_Source\PSoC4/cyfitter_cfg.c **** 	CY_SET_XTND_REG32((void CYFAR *)CYREG_PASS_DSAB_DSAB_CTRL, 0x00000000u);
 296              		.loc 1 245 0
 297 0010 044B     		ldr	r3, .L8+8
 298 0012 0022     		movs	r2, #0
 299 0014 1A60     		str	r2, [r3]
 246:Generated_Source\PSoC4/cyfitter_cfg.c **** }
 300              		.loc 1 246 0
 301 0016 C046     		nop
 302 0018 BD46     		mov	sp, r7
 303              		@ sp needed
 304 001a 80BD     		pop	{r7, pc}
 305              	.L9:
 306              		.align	2
 307              	.L8:
 308 001c 30003040 		.word	1076887600
 309 0020 30003140 		.word	1076953136
 310 0024 000E3F40 		.word	1077874176
 311              		.cfi_endproc
 312              	.LFE6:
 313              		.size	AnalogSetDefault, .-AnalogSetDefault
 314              		.section	.psocinit
 315              		.align	2
 316              		.global	cyfitter_cfg
 317              		.code	16
 318              		.thumb_func
 319              		.type	cyfitter_cfg, %function
 320              	cyfitter_cfg:
 321              	.LFB7:
 247:Generated_Source\PSoC4/cyfitter_cfg.c **** 
 248:Generated_Source\PSoC4/cyfitter_cfg.c **** 
 249:Generated_Source\PSoC4/cyfitter_cfg.c **** 
ARM GAS  C:\Users\Tudor\AppData\Local\Temp\ccF6F1jZ.s 			page 11


 250:Generated_Source\PSoC4/cyfitter_cfg.c **** 
 251:Generated_Source\PSoC4/cyfitter_cfg.c **** /*******************************************************************************
 252:Generated_Source\PSoC4/cyfitter_cfg.c **** * Function Name: cyfitter_cfg
 253:Generated_Source\PSoC4/cyfitter_cfg.c **** ********************************************************************************
 254:Generated_Source\PSoC4/cyfitter_cfg.c **** * Summary:
 255:Generated_Source\PSoC4/cyfitter_cfg.c **** *  This function is called by the start-up code for the selected device. It
 256:Generated_Source\PSoC4/cyfitter_cfg.c **** *  performs all of the necessary device configuration based on the design
 257:Generated_Source\PSoC4/cyfitter_cfg.c **** *  settings.  This includes settings from the Design Wide Resources (DWR) such
 258:Generated_Source\PSoC4/cyfitter_cfg.c **** *  as Clocks and Pins as well as any component configuration that is necessary.
 259:Generated_Source\PSoC4/cyfitter_cfg.c **** *
 260:Generated_Source\PSoC4/cyfitter_cfg.c **** * Parameters:
 261:Generated_Source\PSoC4/cyfitter_cfg.c **** *   void
 262:Generated_Source\PSoC4/cyfitter_cfg.c **** *
 263:Generated_Source\PSoC4/cyfitter_cfg.c **** * Return:
 264:Generated_Source\PSoC4/cyfitter_cfg.c **** *   void
 265:Generated_Source\PSoC4/cyfitter_cfg.c **** *
 266:Generated_Source\PSoC4/cyfitter_cfg.c **** *******************************************************************************/
 267:Generated_Source\PSoC4/cyfitter_cfg.c **** CY_CFG_SECTION
 268:Generated_Source\PSoC4/cyfitter_cfg.c **** void cyfitter_cfg(void)
 269:Generated_Source\PSoC4/cyfitter_cfg.c **** {
 322              		.loc 1 269 0
 323              		.cfi_startproc
 324              		@ args = 0, pretend = 0, frame = 8
 325              		@ frame_needed = 1, uses_anonymous_args = 0
 326 00f4 80B5     		push	{r7, lr}
 327              		.cfi_def_cfa_offset 8
 328              		.cfi_offset 7, -8
 329              		.cfi_offset 14, -4
 330 00f6 82B0     		sub	sp, sp, #8
 331              		.cfi_def_cfa_offset 16
 332 00f8 00AF     		add	r7, sp, #0
 333              		.cfi_def_cfa_register 7
 270:Generated_Source\PSoC4/cyfitter_cfg.c **** 	/* Disable interrupts by default. Let user enable if/when they want. */
 271:Generated_Source\PSoC4/cyfitter_cfg.c **** 	CyGlobalIntDisable;
 334              		.loc 1 271 0
 335              		.syntax divided
 336              	@ 271 "Generated_Source\PSoC4\cyfitter_cfg.c" 1
 337 00fa 72B6     		CPSID   i
 338              	@ 0 "" 2
 272:Generated_Source\PSoC4/cyfitter_cfg.c **** 
 273:Generated_Source\PSoC4/cyfitter_cfg.c **** 	CY_SET_REG32((void *)(CYREG_BLE_BLESS_LL_DSM_CTRL), 0x00000000u);
 339              		.loc 1 273 0
 340              		.thumb
 341              		.syntax unified
 342 00fc 344B     		ldr	r3, .L13
 343 00fe 0022     		movs	r2, #0
 344 0100 1A60     		str	r2, [r3]
 345              	.LBB2:
 274:Generated_Source\PSoC4/cyfitter_cfg.c **** 
 275:Generated_Source\PSoC4/cyfitter_cfg.c **** 	{
 276:Generated_Source\PSoC4/cyfitter_cfg.c **** 
 277:Generated_Source\PSoC4/cyfitter_cfg.c **** 		CYPACKED typedef struct {
 278:Generated_Source\PSoC4/cyfitter_cfg.c **** 			void CYFAR *address;
 279:Generated_Source\PSoC4/cyfitter_cfg.c **** 			uint16 size;
 280:Generated_Source\PSoC4/cyfitter_cfg.c **** 		} CYPACKED_ATTR cfg_memset_t;
 281:Generated_Source\PSoC4/cyfitter_cfg.c **** 
 282:Generated_Source\PSoC4/cyfitter_cfg.c **** 		static const cfg_memset_t CYCODE cfg_memset_list[] = {
ARM GAS  C:\Users\Tudor\AppData\Local\Temp\ccF6F1jZ.s 			page 12


 283:Generated_Source\PSoC4/cyfitter_cfg.c **** 			/* address, size */
 284:Generated_Source\PSoC4/cyfitter_cfg.c **** 			{(void CYFAR *)(CYDEV_UDB_P0_U0_BASE), 1024u},
 285:Generated_Source\PSoC4/cyfitter_cfg.c **** 			{(void CYFAR *)(CYDEV_UDB_DSI0_BASE), 1024u},
 286:Generated_Source\PSoC4/cyfitter_cfg.c **** 		};
 287:Generated_Source\PSoC4/cyfitter_cfg.c **** 
 288:Generated_Source\PSoC4/cyfitter_cfg.c **** 		uint8 CYDATA i;
 289:Generated_Source\PSoC4/cyfitter_cfg.c **** 
 290:Generated_Source\PSoC4/cyfitter_cfg.c **** 		/* Zero out critical memory blocks before beginning configuration */
 291:Generated_Source\PSoC4/cyfitter_cfg.c **** 		for (i = 0u; i < (sizeof(cfg_memset_list)/sizeof(cfg_memset_list[0])); i++)
 346              		.loc 1 291 0
 347 0102 FB1D     		adds	r3, r7, #7
 348 0104 0022     		movs	r2, #0
 349 0106 1A70     		strb	r2, [r3]
 350 0108 22E0     		b	.L11
 351              	.L12:
 352              	.LBB3:
 292:Generated_Source\PSoC4/cyfitter_cfg.c **** 		{
 293:Generated_Source\PSoC4/cyfitter_cfg.c **** 			const cfg_memset_t CYCODE * CYDATA ms = &cfg_memset_list[i];
 353              		.loc 1 293 0 discriminator 3
 354 010a FB1D     		adds	r3, r7, #7
 355 010c 1A78     		ldrb	r2, [r3]
 356 010e 1300     		movs	r3, r2
 357 0110 5B00     		lsls	r3, r3, #1
 358 0112 9B18     		adds	r3, r3, r2
 359 0114 5B00     		lsls	r3, r3, #1
 360 0116 2F4A     		ldr	r2, .L13+4
 361 0118 9B18     		adds	r3, r3, r2
 362 011a 3B60     		str	r3, [r7]
 294:Generated_Source\PSoC4/cyfitter_cfg.c **** 			CYMEMZERO(ms->address, (size_t)(uint32)(ms->size));
 363              		.loc 1 294 0 discriminator 3
 364 011c 3B68     		ldr	r3, [r7]
 365 011e 1A78     		ldrb	r2, [r3]
 366 0120 5978     		ldrb	r1, [r3, #1]
 367 0122 0902     		lsls	r1, r1, #8
 368 0124 0A43     		orrs	r2, r1
 369 0126 9978     		ldrb	r1, [r3, #2]
 370 0128 0904     		lsls	r1, r1, #16
 371 012a 0A43     		orrs	r2, r1
 372 012c DB78     		ldrb	r3, [r3, #3]
 373 012e 1B06     		lsls	r3, r3, #24
 374 0130 1343     		orrs	r3, r2
 375 0132 1800     		movs	r0, r3
 376 0134 3B68     		ldr	r3, [r7]
 377 0136 1A79     		ldrb	r2, [r3, #4]
 378 0138 5B79     		ldrb	r3, [r3, #5]
 379 013a 1B02     		lsls	r3, r3, #8
 380 013c 1343     		orrs	r3, r2
 381 013e 9BB2     		uxth	r3, r3
 382 0140 1900     		movs	r1, r3
 383 0142 FFF7FEFF 		bl	CYMEMZERO
 384              	.LBE3:
 291:Generated_Source\PSoC4/cyfitter_cfg.c **** 		{
 385              		.loc 1 291 0 discriminator 3
 386 0146 FB1D     		adds	r3, r7, #7
 387 0148 1A78     		ldrb	r2, [r3]
 388 014a FB1D     		adds	r3, r7, #7
 389 014c 0132     		adds	r2, r2, #1
ARM GAS  C:\Users\Tudor\AppData\Local\Temp\ccF6F1jZ.s 			page 13


 390 014e 1A70     		strb	r2, [r3]
 391              	.L11:
 291:Generated_Source\PSoC4/cyfitter_cfg.c **** 		{
 392              		.loc 1 291 0 is_stmt 0 discriminator 1
 393 0150 FB1D     		adds	r3, r7, #7
 394 0152 1B78     		ldrb	r3, [r3]
 395 0154 012B     		cmp	r3, #1
 396 0156 D8D9     		bls	.L12
 295:Generated_Source\PSoC4/cyfitter_cfg.c **** 		}
 296:Generated_Source\PSoC4/cyfitter_cfg.c **** 
 297:Generated_Source\PSoC4/cyfitter_cfg.c **** 		/* HSIOM Starting address: CYDEV_HSIOM_BASE */
 298:Generated_Source\PSoC4/cyfitter_cfg.c **** 		CY_SET_REG32((void *)(CYDEV_HSIOM_BASE), 0xEE000000u);
 397              		.loc 1 298 0 is_stmt 1
 398 0158 1F4B     		ldr	r3, .L13+8
 399 015a EE22     		movs	r2, #238
 400 015c 1206     		lsls	r2, r2, #24
 401 015e 1A60     		str	r2, [r3]
 299:Generated_Source\PSoC4/cyfitter_cfg.c **** 		CY_SET_REG32((void *)(CYREG_HSIOM_PORT_SEL1), 0x00EE0000u);
 402              		.loc 1 299 0
 403 0160 1E4B     		ldr	r3, .L13+12
 404 0162 EE22     		movs	r2, #238
 405 0164 1204     		lsls	r2, r2, #16
 406 0166 1A60     		str	r2, [r3]
 300:Generated_Source\PSoC4/cyfitter_cfg.c **** 
 301:Generated_Source\PSoC4/cyfitter_cfg.c **** 		/* UDB_PA_0 Starting address: CYDEV_UDB_PA0_BASE */
 302:Generated_Source\PSoC4/cyfitter_cfg.c **** 		CY_SET_REG32((void *)(CYDEV_UDB_PA0_BASE), 0x00990000u);
 407              		.loc 1 302 0
 408 0168 1D4B     		ldr	r3, .L13+16
 409 016a 9922     		movs	r2, #153
 410 016c 1204     		lsls	r2, r2, #16
 411 016e 1A60     		str	r2, [r3]
 303:Generated_Source\PSoC4/cyfitter_cfg.c **** 
 304:Generated_Source\PSoC4/cyfitter_cfg.c **** 		/* UDB_PA_1 Starting address: CYDEV_UDB_PA1_BASE */
 305:Generated_Source\PSoC4/cyfitter_cfg.c **** 		CY_SET_REG32((void *)(CYDEV_UDB_PA1_BASE), 0x00990000u);
 412              		.loc 1 305 0
 413 0170 1C4B     		ldr	r3, .L13+20
 414 0172 9922     		movs	r2, #153
 415 0174 1204     		lsls	r2, r2, #16
 416 0176 1A60     		str	r2, [r3]
 306:Generated_Source\PSoC4/cyfitter_cfg.c **** 
 307:Generated_Source\PSoC4/cyfitter_cfg.c **** 		/* UDB_PA_3 Starting address: CYDEV_UDB_PA3_BASE */
 308:Generated_Source\PSoC4/cyfitter_cfg.c **** 		CY_SET_REG32((void *)(CYDEV_UDB_PA3_BASE), 0x00990000u);
 417              		.loc 1 308 0
 418 0178 1B4B     		ldr	r3, .L13+24
 419 017a 9922     		movs	r2, #153
 420 017c 1204     		lsls	r2, r2, #16
 421 017e 1A60     		str	r2, [r3]
 309:Generated_Source\PSoC4/cyfitter_cfg.c **** 
 310:Generated_Source\PSoC4/cyfitter_cfg.c **** 		/* Enable digital routing */
 311:Generated_Source\PSoC4/cyfitter_cfg.c **** 		CY_SET_XTND_REG8((void *)CYREG_UDB_UDBIF_BANK_CTL, (uint8)(CY_GET_XTND_REG8((void *)CYREG_UDB_UDB
 422              		.loc 1 311 0
 423 0180 1A4A     		ldr	r2, .L13+28
 424 0182 1A4B     		ldr	r3, .L13+28
 425 0184 1B78     		ldrb	r3, [r3]
 426 0186 DBB2     		uxtb	r3, r3
 427 0188 0621     		movs	r1, #6
 428 018a 0B43     		orrs	r3, r1
ARM GAS  C:\Users\Tudor\AppData\Local\Temp\ccF6F1jZ.s 			page 14


 429 018c DBB2     		uxtb	r3, r3
 430 018e 1370     		strb	r3, [r2]
 431              	.LBE2:
 312:Generated_Source\PSoC4/cyfitter_cfg.c **** 	}
 313:Generated_Source\PSoC4/cyfitter_cfg.c **** 
 314:Generated_Source\PSoC4/cyfitter_cfg.c **** 	/* Perform second pass device configuration. These items must be configured in specific order afte
 315:Generated_Source\PSoC4/cyfitter_cfg.c **** 	/* IOPINS0_0 Starting address: CYDEV_GPIO_PRT0_BASE */
 316:Generated_Source\PSoC4/cyfitter_cfg.c **** 	CY_SET_REG32((void *)(CYREG_GPIO_PRT0_PC), 0x00D80000u);
 432              		.loc 1 316 0
 433 0190 174B     		ldr	r3, .L13+32
 434 0192 D822     		movs	r2, #216
 435 0194 1204     		lsls	r2, r2, #16
 436 0196 1A60     		str	r2, [r3]
 317:Generated_Source\PSoC4/cyfitter_cfg.c **** 
 318:Generated_Source\PSoC4/cyfitter_cfg.c **** 	/* IOPINS0_1 Starting address: CYDEV_GPIO_PRT1_BASE */
 319:Generated_Source\PSoC4/cyfitter_cfg.c **** 	CY_SET_REG32((void *)(CYDEV_GPIO_PRT1_BASE), 0x00000030u);
 437              		.loc 1 319 0
 438 0198 164B     		ldr	r3, .L13+36
 439 019a 3022     		movs	r2, #48
 440 019c 1A60     		str	r2, [r3]
 320:Generated_Source\PSoC4/cyfitter_cfg.c **** 	CY_SET_REG32((void *)(CYREG_GPIO_PRT1_PC), 0x00024000u);
 441              		.loc 1 320 0
 442 019e 164B     		ldr	r3, .L13+40
 443 01a0 9022     		movs	r2, #144
 444 01a2 9202     		lsls	r2, r2, #10
 445 01a4 1A60     		str	r2, [r3]
 321:Generated_Source\PSoC4/cyfitter_cfg.c **** 
 322:Generated_Source\PSoC4/cyfitter_cfg.c **** 	/* IOPINS0_3 Starting address: CYDEV_GPIO_PRT3_BASE */
 323:Generated_Source\PSoC4/cyfitter_cfg.c **** 	CY_SET_REG32((void *)(CYDEV_GPIO_PRT3_BASE), 0x00000010u);
 446              		.loc 1 323 0
 447 01a6 154B     		ldr	r3, .L13+44
 448 01a8 1022     		movs	r2, #16
 449 01aa 1A60     		str	r2, [r3]
 324:Generated_Source\PSoC4/cyfitter_cfg.c **** 	CY_SET_REG32((void *)(CYREG_GPIO_PRT3_PC), 0x00006000u);
 450              		.loc 1 324 0
 451 01ac 144B     		ldr	r3, .L13+48
 452 01ae C022     		movs	r2, #192
 453 01b0 D201     		lsls	r2, r2, #7
 454 01b2 1A60     		str	r2, [r3]
 325:Generated_Source\PSoC4/cyfitter_cfg.c **** 
 326:Generated_Source\PSoC4/cyfitter_cfg.c **** 	/* IOPINS0_4 Starting address: CYDEV_GPIO_PRT4_BASE */
 327:Generated_Source\PSoC4/cyfitter_cfg.c **** 	CY_SET_REG32((void *)(CYREG_GPIO_PRT4_PC), 0x00000028u);
 455              		.loc 1 327 0
 456 01b4 134B     		ldr	r3, .L13+52
 457 01b6 2822     		movs	r2, #40
 458 01b8 1A60     		str	r2, [r3]
 328:Generated_Source\PSoC4/cyfitter_cfg.c **** 	CY_SET_REG32((void *)(CYREG_GPIO_PRT4_INTR_CFG), 0x00000004u);
 459              		.loc 1 328 0
 460 01ba 134B     		ldr	r3, .L13+56
 461 01bc 0422     		movs	r2, #4
 462 01be 1A60     		str	r2, [r3]
 329:Generated_Source\PSoC4/cyfitter_cfg.c **** 
 330:Generated_Source\PSoC4/cyfitter_cfg.c **** 
 331:Generated_Source\PSoC4/cyfitter_cfg.c **** 	/* Setup clocks based on selections from Clock DWR */
 332:Generated_Source\PSoC4/cyfitter_cfg.c **** 	ClockSetup();
 463              		.loc 1 332 0
 464 01c0 FFF71EFF 		bl	ClockSetup
ARM GAS  C:\Users\Tudor\AppData\Local\Temp\ccF6F1jZ.s 			page 15


 333:Generated_Source\PSoC4/cyfitter_cfg.c **** 
 334:Generated_Source\PSoC4/cyfitter_cfg.c **** 	/* Perform basic analog initialization to defaults */
 335:Generated_Source\PSoC4/cyfitter_cfg.c **** 	AnalogSetDefault();
 465              		.loc 1 335 0
 466 01c4 FFF7FEFF 		bl	AnalogSetDefault
 336:Generated_Source\PSoC4/cyfitter_cfg.c **** 
 337:Generated_Source\PSoC4/cyfitter_cfg.c **** }
 467              		.loc 1 337 0
 468 01c8 C046     		nop
 469 01ca BD46     		mov	sp, r7
 470 01cc 02B0     		add	sp, sp, #8
 471              		@ sp needed
 472 01ce 80BD     		pop	{r7, pc}
 473              	.L14:
 474              		.align	2
 475              	.L13:
 476 01d0 6CF02E40 		.word	1076818028
 477 01d4 00000000 		.word	cfg_memset_list.4884
 478 01d8 00000240 		.word	1073872896
 479 01dc 00010240 		.word	1073873152
 480 01e0 00500F40 		.word	1074745344
 481 01e4 10500F40 		.word	1074745360
 482 01e8 30500F40 		.word	1074745392
 483 01ec 00700F40 		.word	1074753536
 484 01f0 08000440 		.word	1074003976
 485 01f4 00010440 		.word	1074004224
 486 01f8 08010440 		.word	1074004232
 487 01fc 00030440 		.word	1074004736
 488 0200 08030440 		.word	1074004744
 489 0204 08040440 		.word	1074005000
 490 0208 0C040440 		.word	1074005004
 491              		.cfi_endproc
 492              	.LFE7:
 493              		.size	cyfitter_cfg, .-cyfitter_cfg
 494              		.section	.rodata
 495              		.align	2
 496              		.type	cfg_memset_list.4884, %object
 497              		.size	cfg_memset_list.4884, 12
 498              	cfg_memset_list.4884:
 499 0000 00300F40 		.word	1074737152
 500 0004 0004     		.short	1024
 501 0006 00400F40 		.4byte	1074741248
 502 000a 0004     		.short	1024
 503              		.text
 504              	.Letext0:
 505              		.file 2 "c:\\program files (x86)\\cypress\\psoc creator\\4.2\\psoc creator\\import\\gnu\\arm\\5.4.
 506              		.file 3 "Generated_Source\\PSoC4\\cytypes.h"
 507              		.section	.debug_info,"",%progbits
 508              	.Ldebug_info0:
 509 0000 55020000 		.4byte	0x255
 510 0004 0400     		.2byte	0x4
 511 0006 00000000 		.4byte	.Ldebug_abbrev0
 512 000a 04       		.byte	0x4
 513 000b 01       		.uleb128 0x1
 514 000c C4000000 		.4byte	.LASF30
 515 0010 0C       		.byte	0xc
 516 0011 02020000 		.4byte	.LASF31
ARM GAS  C:\Users\Tudor\AppData\Local\Temp\ccF6F1jZ.s 			page 16


 517 0015 4C000000 		.4byte	.LASF32
 518 0019 00000000 		.4byte	.Ldebug_ranges0+0
 519 001d 00000000 		.4byte	0
 520 0021 00000000 		.4byte	.Ldebug_line0
 521 0025 02       		.uleb128 0x2
 522 0026 04       		.byte	0x4
 523 0027 05       		.byte	0x5
 524 0028 696E7400 		.ascii	"int\000"
 525 002c 03       		.uleb128 0x3
 526 002d 06000000 		.4byte	.LASF12
 527 0031 02       		.byte	0x2
 528 0032 D8       		.byte	0xd8
 529 0033 37000000 		.4byte	0x37
 530 0037 04       		.uleb128 0x4
 531 0038 04       		.byte	0x4
 532 0039 07       		.byte	0x7
 533 003a 82010000 		.4byte	.LASF0
 534 003e 04       		.uleb128 0x4
 535 003f 08       		.byte	0x8
 536 0040 05       		.byte	0x5
 537 0041 C4010000 		.4byte	.LASF1
 538 0045 04       		.uleb128 0x4
 539 0046 08       		.byte	0x8
 540 0047 04       		.byte	0x4
 541 0048 EA010000 		.4byte	.LASF2
 542 004c 04       		.uleb128 0x4
 543 004d 01       		.byte	0x1
 544 004e 06       		.byte	0x6
 545 004f F6010000 		.4byte	.LASF3
 546 0053 04       		.uleb128 0x4
 547 0054 01       		.byte	0x1
 548 0055 08       		.byte	0x8
 549 0056 52010000 		.4byte	.LASF4
 550 005a 04       		.uleb128 0x4
 551 005b 02       		.byte	0x2
 552 005c 05       		.byte	0x5
 553 005d D7010000 		.4byte	.LASF5
 554 0061 04       		.uleb128 0x4
 555 0062 02       		.byte	0x2
 556 0063 07       		.byte	0x7
 557 0064 39000000 		.4byte	.LASF6
 558 0068 04       		.uleb128 0x4
 559 0069 04       		.byte	0x4
 560 006a 05       		.byte	0x5
 561 006b E1010000 		.4byte	.LASF7
 562 006f 04       		.uleb128 0x4
 563 0070 04       		.byte	0x4
 564 0071 07       		.byte	0x7
 565 0072 A2000000 		.4byte	.LASF8
 566 0076 04       		.uleb128 0x4
 567 0077 08       		.byte	0x8
 568 0078 07       		.byte	0x7
 569 0079 97010000 		.4byte	.LASF9
 570 007d 04       		.uleb128 0x4
 571 007e 04       		.byte	0x4
 572 007f 07       		.byte	0x7
 573 0080 BB010000 		.4byte	.LASF10
ARM GAS  C:\Users\Tudor\AppData\Local\Temp\ccF6F1jZ.s 			page 17


 574 0084 05       		.uleb128 0x5
 575 0085 04       		.byte	0x4
 576 0086 04       		.uleb128 0x4
 577 0087 01       		.byte	0x1
 578 0088 08       		.byte	0x8
 579 0089 D2010000 		.4byte	.LASF11
 580 008d 06       		.uleb128 0x6
 581 008e B4000000 		.4byte	.LASF13
 582 0092 03       		.byte	0x3
 583 0093 E401     		.2byte	0x1e4
 584 0095 53000000 		.4byte	0x53
 585 0099 06       		.uleb128 0x6
 586 009a 74010000 		.4byte	.LASF14
 587 009e 03       		.byte	0x3
 588 009f E501     		.2byte	0x1e5
 589 00a1 61000000 		.4byte	0x61
 590 00a5 06       		.uleb128 0x6
 591 00a6 7B010000 		.4byte	.LASF15
 592 00aa 03       		.byte	0x3
 593 00ab E601     		.2byte	0x1e6
 594 00ad 6F000000 		.4byte	0x6f
 595 00b1 04       		.uleb128 0x4
 596 00b2 04       		.byte	0x4
 597 00b3 04       		.byte	0x4
 598 00b4 8D000000 		.4byte	.LASF16
 599 00b8 04       		.uleb128 0x4
 600 00b9 08       		.byte	0x8
 601 00ba 04       		.byte	0x4
 602 00bb 60010000 		.4byte	.LASF17
 603 00bf 06       		.uleb128 0x6
 604 00c0 9D000000 		.4byte	.LASF18
 605 00c4 03       		.byte	0x3
 606 00c5 8E02     		.2byte	0x28e
 607 00c7 CB000000 		.4byte	0xcb
 608 00cb 07       		.uleb128 0x7
 609 00cc 8D000000 		.4byte	0x8d
 610 00d0 06       		.uleb128 0x6
 611 00d1 00000000 		.4byte	.LASF19
 612 00d5 03       		.byte	0x3
 613 00d6 9002     		.2byte	0x290
 614 00d8 DC000000 		.4byte	0xdc
 615 00dc 07       		.uleb128 0x7
 616 00dd A5000000 		.4byte	0xa5
 617 00e1 08       		.uleb128 0x8
 618 00e2 BA000000 		.4byte	.LASF20
 619 00e6 01       		.byte	0x1
 620 00e7 4C       		.byte	0x4c
 621 00e8 00000000 		.4byte	.LFB2
 622 00ec 1E000000 		.4byte	.LFE2-.LFB2
 623 00f0 01       		.uleb128 0x1
 624 00f1 9C       		.byte	0x9c
 625 00f2 0F010000 		.4byte	0x10f
 626 00f6 09       		.uleb128 0x9
 627 00f7 7300     		.ascii	"s\000"
 628 00f9 01       		.byte	0x1
 629 00fa 4C       		.byte	0x4c
 630 00fb 84000000 		.4byte	0x84
ARM GAS  C:\Users\Tudor\AppData\Local\Temp\ccF6F1jZ.s 			page 18


 631 00ff 02       		.uleb128 0x2
 632 0100 91       		.byte	0x91
 633 0101 74       		.sleb128 -12
 634 0102 09       		.uleb128 0x9
 635 0103 6E00     		.ascii	"n\000"
 636 0105 01       		.byte	0x1
 637 0106 4C       		.byte	0x4c
 638 0107 2C000000 		.4byte	0x2c
 639 010b 02       		.uleb128 0x2
 640 010c 91       		.byte	0x91
 641 010d 70       		.sleb128 -16
 642 010e 00       		.byte	0
 643 010f 08       		.uleb128 0x8
 644 0110 38020000 		.4byte	.LASF21
 645 0114 01       		.byte	0x1
 646 0115 53       		.byte	0x53
 647 0116 00000000 		.4byte	.LFB3
 648 011a 20000000 		.4byte	.LFE3-.LFB3
 649 011e 01       		.uleb128 0x1
 650 011f 9C       		.byte	0x9c
 651 0120 4D010000 		.4byte	0x14d
 652 0124 0A       		.uleb128 0xa
 653 0125 93000000 		.4byte	.LASF22
 654 0129 01       		.byte	0x1
 655 012a 53       		.byte	0x53
 656 012b 84000000 		.4byte	0x84
 657 012f 02       		.uleb128 0x2
 658 0130 91       		.byte	0x91
 659 0131 74       		.sleb128 -12
 660 0132 09       		.uleb128 0x9
 661 0133 73726300 		.ascii	"src\000"
 662 0137 01       		.byte	0x1
 663 0138 53       		.byte	0x53
 664 0139 4D010000 		.4byte	0x14d
 665 013d 02       		.uleb128 0x2
 666 013e 91       		.byte	0x91
 667 013f 70       		.sleb128 -16
 668 0140 09       		.uleb128 0x9
 669 0141 6E00     		.ascii	"n\000"
 670 0143 01       		.byte	0x1
 671 0144 53       		.byte	0x53
 672 0145 2C000000 		.4byte	0x2c
 673 0149 02       		.uleb128 0x2
 674 014a 91       		.byte	0x91
 675 014b 6C       		.sleb128 -20
 676 014c 00       		.byte	0
 677 014d 0B       		.uleb128 0xb
 678 014e 04       		.byte	0x4
 679 014f 53010000 		.4byte	0x153
 680 0153 0C       		.uleb128 0xc
 681 0154 08       		.uleb128 0x8
 682 0155 28020000 		.4byte	.LASF23
 683 0159 01       		.byte	0x1
 684 015a 5A       		.byte	0x5a
 685 015b 00000000 		.4byte	.LFB4
 686 015f 20000000 		.4byte	.LFE4-.LFB4
 687 0163 01       		.uleb128 0x1
ARM GAS  C:\Users\Tudor\AppData\Local\Temp\ccF6F1jZ.s 			page 19


 688 0164 9C       		.byte	0x9c
 689 0165 92010000 		.4byte	0x192
 690 0169 0A       		.uleb128 0xa
 691 016a 93000000 		.4byte	.LASF22
 692 016e 01       		.byte	0x1
 693 016f 5A       		.byte	0x5a
 694 0170 84000000 		.4byte	0x84
 695 0174 02       		.uleb128 0x2
 696 0175 91       		.byte	0x91
 697 0176 74       		.sleb128 -12
 698 0177 09       		.uleb128 0x9
 699 0178 73726300 		.ascii	"src\000"
 700 017c 01       		.byte	0x1
 701 017d 5A       		.byte	0x5a
 702 017e 4D010000 		.4byte	0x14d
 703 0182 02       		.uleb128 0x2
 704 0183 91       		.byte	0x91
 705 0184 70       		.sleb128 -16
 706 0185 09       		.uleb128 0x9
 707 0186 6E00     		.ascii	"n\000"
 708 0188 01       		.byte	0x1
 709 0189 5A       		.byte	0x5a
 710 018a 2C000000 		.4byte	0x2c
 711 018e 02       		.uleb128 0x2
 712 018f 91       		.byte	0x91
 713 0190 6C       		.sleb128 -20
 714 0191 00       		.byte	0
 715 0192 0D       		.uleb128 0xd
 716 0193 2E000000 		.4byte	.LASF24
 717 0197 01       		.byte	0x1
 718 0198 AA       		.byte	0xaa
 719 0199 00000000 		.4byte	.LFB5
 720 019d F4000000 		.4byte	.LFE5-.LFB5
 721 01a1 01       		.uleb128 0x1
 722 01a2 9C       		.byte	0x9c
 723 01a3 0E       		.uleb128 0xe
 724 01a4 0D000000 		.4byte	.LASF25
 725 01a8 01       		.byte	0x1
 726 01a9 F1       		.byte	0xf1
 727 01aa 00000000 		.4byte	.LFB6
 728 01ae 28000000 		.4byte	.LFE6-.LFB6
 729 01b2 01       		.uleb128 0x1
 730 01b3 9C       		.byte	0x9c
 731 01b4 0F       		.uleb128 0xf
 732 01b5 67010000 		.4byte	.LASF33
 733 01b9 01       		.byte	0x1
 734 01ba 0C01     		.2byte	0x10c
 735 01bc F4000000 		.4byte	.LFB7
 736 01c0 18010000 		.4byte	.LFE7-.LFB7
 737 01c4 01       		.uleb128 0x1
 738 01c5 9C       		.byte	0x9c
 739 01c6 10       		.uleb128 0x10
 740 01c7 02010000 		.4byte	.LBB2
 741 01cb 8E000000 		.4byte	.LBE2-.LBB2
 742 01cf 11       		.uleb128 0x11
 743 01d0 06       		.byte	0x6
 744 01d1 01       		.byte	0x1
ARM GAS  C:\Users\Tudor\AppData\Local\Temp\ccF6F1jZ.s 			page 20


 745 01d2 1501     		.2byte	0x115
 746 01d4 F3010000 		.4byte	0x1f3
 747 01d8 12       		.uleb128 0x12
 748 01d9 8F010000 		.4byte	.LASF26
 749 01dd 01       		.byte	0x1
 750 01de 1601     		.2byte	0x116
 751 01e0 84000000 		.4byte	0x84
 752 01e4 00       		.byte	0
 753 01e5 12       		.uleb128 0x12
 754 01e6 98000000 		.4byte	.LASF27
 755 01ea 01       		.byte	0x1
 756 01eb 1701     		.2byte	0x117
 757 01ed 99000000 		.4byte	0x99
 758 01f1 04       		.byte	0x4
 759 01f2 00       		.byte	0
 760 01f3 06       		.uleb128 0x6
 761 01f4 AE010000 		.4byte	.LASF28
 762 01f8 01       		.byte	0x1
 763 01f9 1801     		.2byte	0x118
 764 01fb CF010000 		.4byte	0x1cf
 765 01ff 13       		.uleb128 0x13
 766 0200 0F020000 		.4byte	0x20f
 767 0204 0F020000 		.4byte	0x20f
 768 0208 14       		.uleb128 0x14
 769 0209 7D000000 		.4byte	0x7d
 770 020d 01       		.byte	0x1
 771 020e 00       		.byte	0
 772 020f 15       		.uleb128 0x15
 773 0210 F3010000 		.4byte	0x1f3
 774 0214 16       		.uleb128 0x16
 775 0215 1E000000 		.4byte	.LASF29
 776 0219 01       		.byte	0x1
 777 021a 1A01     		.2byte	0x11a
 778 021c 26020000 		.4byte	0x226
 779 0220 05       		.uleb128 0x5
 780 0221 03       		.byte	0x3
 781 0222 00000000 		.4byte	cfg_memset_list.4884
 782 0226 15       		.uleb128 0x15
 783 0227 FF010000 		.4byte	0x1ff
 784 022b 17       		.uleb128 0x17
 785 022c 6900     		.ascii	"i\000"
 786 022e 01       		.byte	0x1
 787 022f 2001     		.2byte	0x120
 788 0231 8D000000 		.4byte	0x8d
 789 0235 02       		.uleb128 0x2
 790 0236 91       		.byte	0x91
 791 0237 77       		.sleb128 -9
 792 0238 10       		.uleb128 0x10
 793 0239 0A010000 		.4byte	.LBB3
 794 023d 3C000000 		.4byte	.LBE3-.LBB3
 795 0241 17       		.uleb128 0x17
 796 0242 6D7300   		.ascii	"ms\000"
 797 0245 01       		.byte	0x1
 798 0246 2501     		.2byte	0x125
 799 0248 4F020000 		.4byte	0x24f
 800 024c 02       		.uleb128 0x2
 801 024d 91       		.byte	0x91
ARM GAS  C:\Users\Tudor\AppData\Local\Temp\ccF6F1jZ.s 			page 21


 802 024e 70       		.sleb128 -16
 803 024f 0B       		.uleb128 0xb
 804 0250 04       		.byte	0x4
 805 0251 0F020000 		.4byte	0x20f
 806 0255 00       		.byte	0
 807 0256 00       		.byte	0
 808 0257 00       		.byte	0
 809 0258 00       		.byte	0
 810              		.section	.debug_abbrev,"",%progbits
 811              	.Ldebug_abbrev0:
 812 0000 01       		.uleb128 0x1
 813 0001 11       		.uleb128 0x11
 814 0002 01       		.byte	0x1
 815 0003 25       		.uleb128 0x25
 816 0004 0E       		.uleb128 0xe
 817 0005 13       		.uleb128 0x13
 818 0006 0B       		.uleb128 0xb
 819 0007 03       		.uleb128 0x3
 820 0008 0E       		.uleb128 0xe
 821 0009 1B       		.uleb128 0x1b
 822 000a 0E       		.uleb128 0xe
 823 000b 55       		.uleb128 0x55
 824 000c 17       		.uleb128 0x17
 825 000d 11       		.uleb128 0x11
 826 000e 01       		.uleb128 0x1
 827 000f 10       		.uleb128 0x10
 828 0010 17       		.uleb128 0x17
 829 0011 00       		.byte	0
 830 0012 00       		.byte	0
 831 0013 02       		.uleb128 0x2
 832 0014 24       		.uleb128 0x24
 833 0015 00       		.byte	0
 834 0016 0B       		.uleb128 0xb
 835 0017 0B       		.uleb128 0xb
 836 0018 3E       		.uleb128 0x3e
 837 0019 0B       		.uleb128 0xb
 838 001a 03       		.uleb128 0x3
 839 001b 08       		.uleb128 0x8
 840 001c 00       		.byte	0
 841 001d 00       		.byte	0
 842 001e 03       		.uleb128 0x3
 843 001f 16       		.uleb128 0x16
 844 0020 00       		.byte	0
 845 0021 03       		.uleb128 0x3
 846 0022 0E       		.uleb128 0xe
 847 0023 3A       		.uleb128 0x3a
 848 0024 0B       		.uleb128 0xb
 849 0025 3B       		.uleb128 0x3b
 850 0026 0B       		.uleb128 0xb
 851 0027 49       		.uleb128 0x49
 852 0028 13       		.uleb128 0x13
 853 0029 00       		.byte	0
 854 002a 00       		.byte	0
 855 002b 04       		.uleb128 0x4
 856 002c 24       		.uleb128 0x24
 857 002d 00       		.byte	0
 858 002e 0B       		.uleb128 0xb
ARM GAS  C:\Users\Tudor\AppData\Local\Temp\ccF6F1jZ.s 			page 22


 859 002f 0B       		.uleb128 0xb
 860 0030 3E       		.uleb128 0x3e
 861 0031 0B       		.uleb128 0xb
 862 0032 03       		.uleb128 0x3
 863 0033 0E       		.uleb128 0xe
 864 0034 00       		.byte	0
 865 0035 00       		.byte	0
 866 0036 05       		.uleb128 0x5
 867 0037 0F       		.uleb128 0xf
 868 0038 00       		.byte	0
 869 0039 0B       		.uleb128 0xb
 870 003a 0B       		.uleb128 0xb
 871 003b 00       		.byte	0
 872 003c 00       		.byte	0
 873 003d 06       		.uleb128 0x6
 874 003e 16       		.uleb128 0x16
 875 003f 00       		.byte	0
 876 0040 03       		.uleb128 0x3
 877 0041 0E       		.uleb128 0xe
 878 0042 3A       		.uleb128 0x3a
 879 0043 0B       		.uleb128 0xb
 880 0044 3B       		.uleb128 0x3b
 881 0045 05       		.uleb128 0x5
 882 0046 49       		.uleb128 0x49
 883 0047 13       		.uleb128 0x13
 884 0048 00       		.byte	0
 885 0049 00       		.byte	0
 886 004a 07       		.uleb128 0x7
 887 004b 35       		.uleb128 0x35
 888 004c 00       		.byte	0
 889 004d 49       		.uleb128 0x49
 890 004e 13       		.uleb128 0x13
 891 004f 00       		.byte	0
 892 0050 00       		.byte	0
 893 0051 08       		.uleb128 0x8
 894 0052 2E       		.uleb128 0x2e
 895 0053 01       		.byte	0x1
 896 0054 03       		.uleb128 0x3
 897 0055 0E       		.uleb128 0xe
 898 0056 3A       		.uleb128 0x3a
 899 0057 0B       		.uleb128 0xb
 900 0058 3B       		.uleb128 0x3b
 901 0059 0B       		.uleb128 0xb
 902 005a 27       		.uleb128 0x27
 903 005b 19       		.uleb128 0x19
 904 005c 11       		.uleb128 0x11
 905 005d 01       		.uleb128 0x1
 906 005e 12       		.uleb128 0x12
 907 005f 06       		.uleb128 0x6
 908 0060 40       		.uleb128 0x40
 909 0061 18       		.uleb128 0x18
 910 0062 9642     		.uleb128 0x2116
 911 0064 19       		.uleb128 0x19
 912 0065 01       		.uleb128 0x1
 913 0066 13       		.uleb128 0x13
 914 0067 00       		.byte	0
 915 0068 00       		.byte	0
ARM GAS  C:\Users\Tudor\AppData\Local\Temp\ccF6F1jZ.s 			page 23


 916 0069 09       		.uleb128 0x9
 917 006a 05       		.uleb128 0x5
 918 006b 00       		.byte	0
 919 006c 03       		.uleb128 0x3
 920 006d 08       		.uleb128 0x8
 921 006e 3A       		.uleb128 0x3a
 922 006f 0B       		.uleb128 0xb
 923 0070 3B       		.uleb128 0x3b
 924 0071 0B       		.uleb128 0xb
 925 0072 49       		.uleb128 0x49
 926 0073 13       		.uleb128 0x13
 927 0074 02       		.uleb128 0x2
 928 0075 18       		.uleb128 0x18
 929 0076 00       		.byte	0
 930 0077 00       		.byte	0
 931 0078 0A       		.uleb128 0xa
 932 0079 05       		.uleb128 0x5
 933 007a 00       		.byte	0
 934 007b 03       		.uleb128 0x3
 935 007c 0E       		.uleb128 0xe
 936 007d 3A       		.uleb128 0x3a
 937 007e 0B       		.uleb128 0xb
 938 007f 3B       		.uleb128 0x3b
 939 0080 0B       		.uleb128 0xb
 940 0081 49       		.uleb128 0x49
 941 0082 13       		.uleb128 0x13
 942 0083 02       		.uleb128 0x2
 943 0084 18       		.uleb128 0x18
 944 0085 00       		.byte	0
 945 0086 00       		.byte	0
 946 0087 0B       		.uleb128 0xb
 947 0088 0F       		.uleb128 0xf
 948 0089 00       		.byte	0
 949 008a 0B       		.uleb128 0xb
 950 008b 0B       		.uleb128 0xb
 951 008c 49       		.uleb128 0x49
 952 008d 13       		.uleb128 0x13
 953 008e 00       		.byte	0
 954 008f 00       		.byte	0
 955 0090 0C       		.uleb128 0xc
 956 0091 26       		.uleb128 0x26
 957 0092 00       		.byte	0
 958 0093 00       		.byte	0
 959 0094 00       		.byte	0
 960 0095 0D       		.uleb128 0xd
 961 0096 2E       		.uleb128 0x2e
 962 0097 00       		.byte	0
 963 0098 03       		.uleb128 0x3
 964 0099 0E       		.uleb128 0xe
 965 009a 3A       		.uleb128 0x3a
 966 009b 0B       		.uleb128 0xb
 967 009c 3B       		.uleb128 0x3b
 968 009d 0B       		.uleb128 0xb
 969 009e 27       		.uleb128 0x27
 970 009f 19       		.uleb128 0x19
 971 00a0 11       		.uleb128 0x11
 972 00a1 01       		.uleb128 0x1
ARM GAS  C:\Users\Tudor\AppData\Local\Temp\ccF6F1jZ.s 			page 24


 973 00a2 12       		.uleb128 0x12
 974 00a3 06       		.uleb128 0x6
 975 00a4 40       		.uleb128 0x40
 976 00a5 18       		.uleb128 0x18
 977 00a6 9642     		.uleb128 0x2116
 978 00a8 19       		.uleb128 0x19
 979 00a9 00       		.byte	0
 980 00aa 00       		.byte	0
 981 00ab 0E       		.uleb128 0xe
 982 00ac 2E       		.uleb128 0x2e
 983 00ad 00       		.byte	0
 984 00ae 03       		.uleb128 0x3
 985 00af 0E       		.uleb128 0xe
 986 00b0 3A       		.uleb128 0x3a
 987 00b1 0B       		.uleb128 0xb
 988 00b2 3B       		.uleb128 0x3b
 989 00b3 0B       		.uleb128 0xb
 990 00b4 27       		.uleb128 0x27
 991 00b5 19       		.uleb128 0x19
 992 00b6 11       		.uleb128 0x11
 993 00b7 01       		.uleb128 0x1
 994 00b8 12       		.uleb128 0x12
 995 00b9 06       		.uleb128 0x6
 996 00ba 40       		.uleb128 0x40
 997 00bb 18       		.uleb128 0x18
 998 00bc 9742     		.uleb128 0x2117
 999 00be 19       		.uleb128 0x19
 1000 00bf 00       		.byte	0
 1001 00c0 00       		.byte	0
 1002 00c1 0F       		.uleb128 0xf
 1003 00c2 2E       		.uleb128 0x2e
 1004 00c3 01       		.byte	0x1
 1005 00c4 3F       		.uleb128 0x3f
 1006 00c5 19       		.uleb128 0x19
 1007 00c6 03       		.uleb128 0x3
 1008 00c7 0E       		.uleb128 0xe
 1009 00c8 3A       		.uleb128 0x3a
 1010 00c9 0B       		.uleb128 0xb
 1011 00ca 3B       		.uleb128 0x3b
 1012 00cb 05       		.uleb128 0x5
 1013 00cc 27       		.uleb128 0x27
 1014 00cd 19       		.uleb128 0x19
 1015 00ce 11       		.uleb128 0x11
 1016 00cf 01       		.uleb128 0x1
 1017 00d0 12       		.uleb128 0x12
 1018 00d1 06       		.uleb128 0x6
 1019 00d2 40       		.uleb128 0x40
 1020 00d3 18       		.uleb128 0x18
 1021 00d4 9642     		.uleb128 0x2116
 1022 00d6 19       		.uleb128 0x19
 1023 00d7 00       		.byte	0
 1024 00d8 00       		.byte	0
 1025 00d9 10       		.uleb128 0x10
 1026 00da 0B       		.uleb128 0xb
 1027 00db 01       		.byte	0x1
 1028 00dc 11       		.uleb128 0x11
 1029 00dd 01       		.uleb128 0x1
ARM GAS  C:\Users\Tudor\AppData\Local\Temp\ccF6F1jZ.s 			page 25


 1030 00de 12       		.uleb128 0x12
 1031 00df 06       		.uleb128 0x6
 1032 00e0 00       		.byte	0
 1033 00e1 00       		.byte	0
 1034 00e2 11       		.uleb128 0x11
 1035 00e3 13       		.uleb128 0x13
 1036 00e4 01       		.byte	0x1
 1037 00e5 0B       		.uleb128 0xb
 1038 00e6 0B       		.uleb128 0xb
 1039 00e7 3A       		.uleb128 0x3a
 1040 00e8 0B       		.uleb128 0xb
 1041 00e9 3B       		.uleb128 0x3b
 1042 00ea 05       		.uleb128 0x5
 1043 00eb 01       		.uleb128 0x1
 1044 00ec 13       		.uleb128 0x13
 1045 00ed 00       		.byte	0
 1046 00ee 00       		.byte	0
 1047 00ef 12       		.uleb128 0x12
 1048 00f0 0D       		.uleb128 0xd
 1049 00f1 00       		.byte	0
 1050 00f2 03       		.uleb128 0x3
 1051 00f3 0E       		.uleb128 0xe
 1052 00f4 3A       		.uleb128 0x3a
 1053 00f5 0B       		.uleb128 0xb
 1054 00f6 3B       		.uleb128 0x3b
 1055 00f7 05       		.uleb128 0x5
 1056 00f8 49       		.uleb128 0x49
 1057 00f9 13       		.uleb128 0x13
 1058 00fa 38       		.uleb128 0x38
 1059 00fb 0B       		.uleb128 0xb
 1060 00fc 00       		.byte	0
 1061 00fd 00       		.byte	0
 1062 00fe 13       		.uleb128 0x13
 1063 00ff 01       		.uleb128 0x1
 1064 0100 01       		.byte	0x1
 1065 0101 49       		.uleb128 0x49
 1066 0102 13       		.uleb128 0x13
 1067 0103 01       		.uleb128 0x1
 1068 0104 13       		.uleb128 0x13
 1069 0105 00       		.byte	0
 1070 0106 00       		.byte	0
 1071 0107 14       		.uleb128 0x14
 1072 0108 21       		.uleb128 0x21
 1073 0109 00       		.byte	0
 1074 010a 49       		.uleb128 0x49
 1075 010b 13       		.uleb128 0x13
 1076 010c 2F       		.uleb128 0x2f
 1077 010d 0B       		.uleb128 0xb
 1078 010e 00       		.byte	0
 1079 010f 00       		.byte	0
 1080 0110 15       		.uleb128 0x15
 1081 0111 26       		.uleb128 0x26
 1082 0112 00       		.byte	0
 1083 0113 49       		.uleb128 0x49
 1084 0114 13       		.uleb128 0x13
 1085 0115 00       		.byte	0
 1086 0116 00       		.byte	0
ARM GAS  C:\Users\Tudor\AppData\Local\Temp\ccF6F1jZ.s 			page 26


 1087 0117 16       		.uleb128 0x16
 1088 0118 34       		.uleb128 0x34
 1089 0119 00       		.byte	0
 1090 011a 03       		.uleb128 0x3
 1091 011b 0E       		.uleb128 0xe
 1092 011c 3A       		.uleb128 0x3a
 1093 011d 0B       		.uleb128 0xb
 1094 011e 3B       		.uleb128 0x3b
 1095 011f 05       		.uleb128 0x5
 1096 0120 49       		.uleb128 0x49
 1097 0121 13       		.uleb128 0x13
 1098 0122 02       		.uleb128 0x2
 1099 0123 18       		.uleb128 0x18
 1100 0124 00       		.byte	0
 1101 0125 00       		.byte	0
 1102 0126 17       		.uleb128 0x17
 1103 0127 34       		.uleb128 0x34
 1104 0128 00       		.byte	0
 1105 0129 03       		.uleb128 0x3
 1106 012a 08       		.uleb128 0x8
 1107 012b 3A       		.uleb128 0x3a
 1108 012c 0B       		.uleb128 0xb
 1109 012d 3B       		.uleb128 0x3b
 1110 012e 05       		.uleb128 0x5
 1111 012f 49       		.uleb128 0x49
 1112 0130 13       		.uleb128 0x13
 1113 0131 02       		.uleb128 0x2
 1114 0132 18       		.uleb128 0x18
 1115 0133 00       		.byte	0
 1116 0134 00       		.byte	0
 1117 0135 00       		.byte	0
 1118              		.section	.debug_aranges,"",%progbits
 1119 0000 44000000 		.4byte	0x44
 1120 0004 0200     		.2byte	0x2
 1121 0006 00000000 		.4byte	.Ldebug_info0
 1122 000a 04       		.byte	0x4
 1123 000b 00       		.byte	0
 1124 000c 0000     		.2byte	0
 1125 000e 0000     		.2byte	0
 1126 0010 00000000 		.4byte	.LFB2
 1127 0014 1E000000 		.4byte	.LFE2-.LFB2
 1128 0018 00000000 		.4byte	.LFB3
 1129 001c 20000000 		.4byte	.LFE3-.LFB3
 1130 0020 00000000 		.4byte	.LFB4
 1131 0024 20000000 		.4byte	.LFE4-.LFB4
 1132 0028 00000000 		.4byte	.LFB5
 1133 002c F4000000 		.4byte	.LFE5-.LFB5
 1134 0030 00000000 		.4byte	.LFB6
 1135 0034 28000000 		.4byte	.LFE6-.LFB6
 1136 0038 F4000000 		.4byte	.LFB7
 1137 003c 18010000 		.4byte	.LFE7-.LFB7
 1138 0040 00000000 		.4byte	0
 1139 0044 00000000 		.4byte	0
 1140              		.section	.debug_ranges,"",%progbits
 1141              	.Ldebug_ranges0:
 1142 0000 00000000 		.4byte	.LFB2
 1143 0004 1E000000 		.4byte	.LFE2
ARM GAS  C:\Users\Tudor\AppData\Local\Temp\ccF6F1jZ.s 			page 27


 1144 0008 00000000 		.4byte	.LFB3
 1145 000c 20000000 		.4byte	.LFE3
 1146 0010 00000000 		.4byte	.LFB4
 1147 0014 20000000 		.4byte	.LFE4
 1148 0018 00000000 		.4byte	.LFB5
 1149 001c F4000000 		.4byte	.LFE5
 1150 0020 00000000 		.4byte	.LFB6
 1151 0024 28000000 		.4byte	.LFE6
 1152 0028 F4000000 		.4byte	.LFB7
 1153 002c 0C020000 		.4byte	.LFE7
 1154 0030 00000000 		.4byte	0
 1155 0034 00000000 		.4byte	0
 1156              		.section	.debug_line,"",%progbits
 1157              	.Ldebug_line0:
 1158 0000 73010000 		.section	.debug_str,"MS",%progbits,1
 1158      0200CB00 
 1158      00000201 
 1158      FB0E0D00 
 1158      01010101 
 1159              	.LASF19:
 1160 0000 72656733 		.ascii	"reg32\000"
 1160      3200
 1161              	.LASF12:
 1162 0006 73697A65 		.ascii	"size_t\000"
 1162      5F7400
 1163              	.LASF25:
 1164 000d 416E616C 		.ascii	"AnalogSetDefault\000"
 1164      6F675365 
 1164      74446566 
 1164      61756C74 
 1164      00
 1165              	.LASF29:
 1166 001e 6366675F 		.ascii	"cfg_memset_list\000"
 1166      6D656D73 
 1166      65745F6C 
 1166      69737400 
 1167              	.LASF24:
 1168 002e 436C6F63 		.ascii	"ClockSetup\000"
 1168      6B536574 
 1168      757000
 1169              	.LASF6:
 1170 0039 73686F72 		.ascii	"short unsigned int\000"
 1170      7420756E 
 1170      7369676E 
 1170      65642069 
 1170      6E7400
 1171              	.LASF32:
 1172 004c 433A5C55 		.ascii	"C:\\Users\\Tudor\\Documents\\PSoC Creator\\Workspac"
 1172      73657273 
 1172      5C547564 
 1172      6F725C44 
 1172      6F63756D 
 1173 007a 6530335C 		.ascii	"e03\\Design01.cydsn\000"
 1173      44657369 
 1173      676E3031 
 1173      2E637964 
 1173      736E00
ARM GAS  C:\Users\Tudor\AppData\Local\Temp\ccF6F1jZ.s 			page 28


 1174              	.LASF16:
 1175 008d 666C6F61 		.ascii	"float\000"
 1175      7400
 1176              	.LASF22:
 1177 0093 64657374 		.ascii	"dest\000"
 1177      00
 1178              	.LASF27:
 1179 0098 73697A65 		.ascii	"size\000"
 1179      00
 1180              	.LASF18:
 1181 009d 72656738 		.ascii	"reg8\000"
 1181      00
 1182              	.LASF8:
 1183 00a2 6C6F6E67 		.ascii	"long unsigned int\000"
 1183      20756E73 
 1183      69676E65 
 1183      6420696E 
 1183      7400
 1184              	.LASF13:
 1185 00b4 75696E74 		.ascii	"uint8\000"
 1185      3800
 1186              	.LASF20:
 1187 00ba 43594D45 		.ascii	"CYMEMZERO\000"
 1187      4D5A4552 
 1187      4F00
 1188              	.LASF30:
 1189 00c4 474E5520 		.ascii	"GNU C11 5.4.1 20160609 (release) [ARM/embedded-5-br"
 1189      43313120 
 1189      352E342E 
 1189      31203230 
 1189      31363036 
 1190 00f7 616E6368 		.ascii	"anch revision 237715] -mcpu=cortex-m0 -mthumb -g -O"
 1190      20726576 
 1190      6973696F 
 1190      6E203233 
 1190      37373135 
 1191 012a 30202D66 		.ascii	"0 -ffunction-sections -ffat-lto-objects\000"
 1191      66756E63 
 1191      74696F6E 
 1191      2D736563 
 1191      74696F6E 
 1192              	.LASF4:
 1193 0152 756E7369 		.ascii	"unsigned char\000"
 1193      676E6564 
 1193      20636861 
 1193      7200
 1194              	.LASF17:
 1195 0160 646F7562 		.ascii	"double\000"
 1195      6C6500
 1196              	.LASF33:
 1197 0167 63796669 		.ascii	"cyfitter_cfg\000"
 1197      74746572 
 1197      5F636667 
 1197      00
 1198              	.LASF14:
 1199 0174 75696E74 		.ascii	"uint16\000"
 1199      313600
ARM GAS  C:\Users\Tudor\AppData\Local\Temp\ccF6F1jZ.s 			page 29


 1200              	.LASF15:
 1201 017b 75696E74 		.ascii	"uint32\000"
 1201      333200
 1202              	.LASF0:
 1203 0182 756E7369 		.ascii	"unsigned int\000"
 1203      676E6564 
 1203      20696E74 
 1203      00
 1204              	.LASF26:
 1205 018f 61646472 		.ascii	"address\000"
 1205      65737300 
 1206              	.LASF9:
 1207 0197 6C6F6E67 		.ascii	"long long unsigned int\000"
 1207      206C6F6E 
 1207      6720756E 
 1207      7369676E 
 1207      65642069 
 1208              	.LASF28:
 1209 01ae 6366675F 		.ascii	"cfg_memset_t\000"
 1209      6D656D73 
 1209      65745F74 
 1209      00
 1210              	.LASF10:
 1211 01bb 73697A65 		.ascii	"sizetype\000"
 1211      74797065 
 1211      00
 1212              	.LASF1:
 1213 01c4 6C6F6E67 		.ascii	"long long int\000"
 1213      206C6F6E 
 1213      6720696E 
 1213      7400
 1214              	.LASF11:
 1215 01d2 63686172 		.ascii	"char\000"
 1215      00
 1216              	.LASF5:
 1217 01d7 73686F72 		.ascii	"short int\000"
 1217      7420696E 
 1217      7400
 1218              	.LASF7:
 1219 01e1 6C6F6E67 		.ascii	"long int\000"
 1219      20696E74 
 1219      00
 1220              	.LASF2:
 1221 01ea 6C6F6E67 		.ascii	"long double\000"
 1221      20646F75 
 1221      626C6500 
 1222              	.LASF3:
 1223 01f6 7369676E 		.ascii	"signed char\000"
 1223      65642063 
 1223      68617200 
 1224              	.LASF31:
 1225 0202 47656E65 		.ascii	"Generated_Source\\PSoC4\\cyfitter_cfg.c\000"
 1225      72617465 
 1225      645F536F 
 1225      75726365 
 1225      5C50536F 
 1226              	.LASF23:
ARM GAS  C:\Users\Tudor\AppData\Local\Temp\ccF6F1jZ.s 			page 30


 1227 0228 4359434F 		.ascii	"CYCONFIGCPYCODE\000"
 1227      4E464947 
 1227      43505943 
 1227      4F444500 
 1228              	.LASF21:
 1229 0238 4359434F 		.ascii	"CYCONFIGCPY\000"
 1229      4E464947 
 1229      43505900 
 1230              		.ident	"GCC: (GNU Tools for ARM Embedded Processors) 5.4.1 20160609 (release) [ARM/embedded-5-bran
